# JRE version: Java(TM) SE Runtime Environment (8.0_301-b09) (build 1.8.0_301-b09)
# Java VM: Java HotSpot(TM) 64-Bit Server VM (25.301-b09 mixed mode windows-amd64 compressed oops)
Heap:
 PSYoungGen      total 992256K, used 706680K [0x0000000780d00000, 0x00000007bfc80000, 0x00000007c0000000)
  eden space 956928K, 71% used [0x0000000780d00000,0x00000007aab2e2a0,0x00000007bb380000)
  from space 35328K, 57% used [0x00000007bda00000,0x00000007bedf0000,0x00000007bfc80000)
  to   space 37376K, 0% used [0x00000007bb380000,0x00000007bb380000,0x00000007bd800000)
 ParOldGen       total 114688K, used 77634K [0x0000000702600000, 0x0000000709600000, 0x0000000780d00000)
  object space 114688K, 67% used [0x0000000702600000,0x00000007071d0818,0x0000000709600000)
 Metaspace       used 21313K, capacity 21612K, committed 21936K, reserved 1069056K
  class space    used 2028K, capacity 2109K, committed 2224K, reserved 1048576K
GC Heap History (10 events):
Event: 1836.790 GC heap before
{Heap before GC invocations=543 (full 3):
 PSYoungGen      total 984576K, used 959168K [0x0000000780d00000, 0x00000007bff00000, 0x00000007c0000000)
  eden space 939008K, 100% used [0x0000000780d00000,0x00000007ba200000,0x00000007ba200000)
  from space 45568K, 44% used [0x00000007ba200000,0x00000007bb5b0000,0x00000007bce80000)
  to   space 43520K, 0% used [0x00000007bd480000,0x00000007bd480000,0x00000007bff00000)
 ParOldGen       total 114688K, used 77202K [0x0000000702600000, 0x0000000709600000, 0x0000000780d00000)
  object space 114688K, 67% used [0x0000000702600000,0x0000000707164818,0x0000000709600000)
 Metaspace       used 21157K, capacity 21388K, committed 21552K, reserved 1069056K
  class space    used 2022K, capacity 2077K, committed 2096K, reserved 1048576K
Event: 1836.820 GC heap after
Heap after GC invocations=543 (full 3):
 PSYoungGen      total 984576K, used 22816K [0x0000000780d00000, 0x00000007bfa00000, 0x00000007c0000000)
  eden space 946176K, 0% used [0x0000000780d00000,0x0000000780d00000,0x00000007ba900000)
  from space 38400K, 59% used [0x00000007bd480000,0x00000007beac8000,0x00000007bfa00000)
  to   space 41472K, 0% used [0x00000007ba900000,0x00000007ba900000,0x00000007bd180000)
 ParOldGen       total 114688K, used 77282K [0x0000000702600000, 0x0000000709600000, 0x0000000780d00000)
  object space 114688K, 67% used [0x0000000702600000,0x0000000707178818,0x0000000709600000)
 Metaspace       used 21157K, capacity 21388K, committed 21552K, reserved 1069056K
  class space    used 2022K, capacity 2077K, committed 2096K, reserved 1048576K
}
Event: 1838.715 GC heap before
{Heap before GC invocations=544 (full 3):
 PSYoungGen      total 984576K, used 968992K [0x0000000780d00000, 0x00000007bfa00000, 0x00000007c0000000)
  eden space 946176K, 100% used [0x0000000780d00000,0x00000007ba900000,0x00000007ba900000)
  from space 38400K, 59% used [0x00000007bd480000,0x00000007beac8000,0x00000007bfa00000)
  to   space 41472K, 0% used [0x00000007ba900000,0x00000007ba900000,0x00000007bd180000)
 ParOldGen       total 114688K, used 77282K [0x0000000702600000, 0x0000000709600000, 0x0000000780d00000)
  object space 114688K, 67% used [0x0000000702600000,0x0000000707178818,0x0000000709600000)
 Metaspace       used 21157K, capacity 21388K, committed 21552K, reserved 1069056K
  class space    used 2022K, capacity 2077K, committed 2096K, reserved 1048576K
Event: 1838.742 GC heap after
Heap after GC invocations=544 (full 3):
 PSYoungGen      total 987648K, used 21248K [0x0000000780d00000, 0x00000007c0000000, 0x00000007c0000000)
  eden space 946176K, 0% used [0x0000000780d00000,0x0000000780d00000,0x00000007ba900000)
  from space 41472K, 51% used [0x00000007ba900000,0x00000007bbdc0000,0x00000007bd180000)
  to   space 39936K, 0% used [0x00000007bd900000,0x00000007bd900000,0x00000007c0000000)
 ParOldGen       total 114688K, used 77378K [0x0000000702600000, 0x0000000709600000, 0x0000000780d00000)
  object space 114688K, 67% used [0x0000000702600000,0x0000000707190818,0x0000000709600000)
 Metaspace       used 21157K, capacity 21388K, committed 21552K, reserved 1069056K
  class space    used 2022K, capacity 2077K, committed 2096K, reserved 1048576K
}
Event: 1840.630 GC heap before
{Heap before GC invocations=545 (full 3):
 PSYoungGen      total 987648K, used 967424K [0x0000000780d00000, 0x00000007c0000000, 0x00000007c0000000)
  eden space 946176K, 100% used [0x0000000780d00000,0x00000007ba900000,0x00000007ba900000)
  from space 41472K, 51% used [0x00000007ba900000,0x00000007bbdc0000,0x00000007bd180000)
  to   space 39936K, 0% used [0x00000007bd900000,0x00000007bd900000,0x00000007c0000000)
 ParOldGen       total 114688K, used 77378K [0x0000000702600000, 0x0000000709600000, 0x0000000780d00000)
  object space 114688K, 67% used [0x0000000702600000,0x0000000707190818,0x0000000709600000)
 Metaspace       used 21157K, capacity 21388K, committed 21552K, reserved 1069056K
  class space    used 2022K, capacity 2077K, committed 2096K, reserved 1048576K
Event: 1840.656 GC heap after
Heap after GC invocations=545 (full 3):
 PSYoungGen      total 991232K, used 18144K [0x0000000780d00000, 0x00000007bfd80000, 0x00000007c0000000)
  eden space 953856K, 0% used [0x0000000780d00000,0x0000000780d00000,0x00000007bb080000)
  from space 37376K, 48% used [0x00000007bd900000,0x00000007beab8000,0x00000007bfd80000)
  to   space 39424K, 0% used [0x00000007bb080000,0x00000007bb080000,0x00000007bd700000)
 ParOldGen       total 114688K, used 77458K [0x0000000702600000, 0x0000000709600000, 0x0000000780d00000)
  object space 114688K, 67% used [0x0000000702600000,0x00000007071a4818,0x0000000709600000)
 Metaspace       used 21157K, capacity 21388K, committed 21552K, reserved 1069056K
  class space    used 2022K, capacity 2077K, committed 2096K, reserved 1048576K
}
Event: 1842.541 GC heap before
{Heap before GC invocations=546 (full 3):
 PSYoungGen      total 991232K, used 972000K [0x0000000780d00000, 0x00000007bfd80000, 0x00000007c0000000)
  eden space 953856K, 100% used [0x0000000780d00000,0x00000007bb080000,0x00000007bb080000)
  from space 37376K, 48% used [0x00000007bd900000,0x00000007beab8000,0x00000007bfd80000)
  to   space 39424K, 0% used [0x00000007bb080000,0x00000007bb080000,0x00000007bd700000)
 ParOldGen       total 114688K, used 77458K [0x0000000702600000, 0x0000000709600000, 0x0000000780d00000)
  object space 114688K, 67% used [0x0000000702600000,0x00000007071a4818,0x0000000709600000)
 Metaspace       used 21157K, capacity 21388K, committed 21552K, reserved 1069056K
  class space    used 2022K, capacity 2077K, committed 2096K, reserved 1048576K
Event: 1842.566 GC heap after
Heap after GC invocations=546 (full 3):
 PSYoungGen      total 993280K, used 15328K [0x0000000780d00000, 0x00000007c0000000, 0x00000007c0000000)
  eden space 953856K, 0% used [0x0000000780d00000,0x0000000780d00000,0x00000007bb080000)
  from space 39424K, 38% used [0x00000007bb080000,0x00000007bbf78000,0x00000007bd700000)
  to   space 38912K, 0% used [0x00000007bda00000,0x00000007bda00000,0x00000007c0000000)
 ParOldGen       total 114688K, used 77546K [0x0000000702600000, 0x0000000709600000, 0x0000000780d00000)
  object space 114688K, 67% used [0x0000000702600000,0x00000007071ba818,0x0000000709600000)
 Metaspace       used 21157K, capacity 21388K, committed 21552K, reserved 1069056K
  class space    used 2022K, capacity 2077K, committed 2096K, reserved 1048576K
}
Event: 1844.361 GC heap before
{Heap before GC invocations=547 (full 3):
 PSYoungGen      total 993280K, used 969184K [0x0000000780d00000, 0x00000007c0000000, 0x00000007c0000000)
  eden space 953856K, 100% used [0x0000000780d00000,0x00000007bb080000,0x00000007bb080000)
  from space 39424K, 38% used [0x00000007bb080000,0x00000007bbf78000,0x00000007bd700000)
  to   space 38912K, 0% used [0x00000007bda00000,0x00000007bda00000,0x00000007c0000000)
 ParOldGen       total 114688K, used 77546K [0x0000000702600000, 0x0000000709600000, 0x0000000780d00000)
  object space 114688K, 67% used [0x0000000702600000,0x00000007071ba818,0x0000000709600000)
 Metaspace       used 21157K, capacity 21388K, committed 21552K, reserved 1069056K
  class space    used 2022K, capacity 2077K, committed 2096K, reserved 1048576K
Event: 1844.387 GC heap after
Heap after GC invocations=547 (full 3):
 PSYoungGen      total 992256K, used 20416K [0x0000000780d00000, 0x00000007bfc80000, 0x00000007c0000000)
  eden space 956928K, 0% used [0x0000000780d00000,0x0000000780d00000,0x00000007bb380000)
  from space 35328K, 57% used [0x00000007bda00000,0x00000007bedf0000,0x00000007bfc80000)
  to   space 37376K, 0% used [0x00000007bb380000,0x00000007bb380000,0x00000007bd800000)
 ParOldGen       total 114688K, used 77634K [0x0000000702600000, 0x0000000709600000, 0x0000000780d00000)
  object space 114688K, 67% used [0x0000000702600000,0x00000007071d0818,0x0000000709600000)
 Metaspace       used 21157K, capacity 21388K, committed 21552K, reserved 1069056K
  class space    used 2022K, capacity 2077K, committed 2096K, reserved 1048576K
}

