# JRE version: Java(TM) SE Runtime Environment (17.0.1+12) (build 17.0.1+12-LTS-39)
# Java VM: Java HotSpot(TM) 64-Bit Server VM (17.0.1+12-LTS-39, mixed mode, sharing, tiered, compressed oops, compressed class ptrs, g1 gc, windows-amd64)
GC Precious Log:
 CPUs: 12 total, 12 available
 Memory: 12131M
 Large Page Support: Disabled
 NUMA Support: Disabled
 Compressed Oops: Enabled (Zero based)
 Heap Region Size: 2M
 Heap Min Capacity: 8M
 Heap Initial Capacity: 190M
 Heap Max Capacity: 3034M
 Pre-touch: Disabled
 Parallel Workers: 10
 Concurrent Workers: 3
 Concurrent Refinement Workers: 10
 Periodic GC: Disabled
Heap:
 garbage-first heap   total 159744K, used 84960K [0x0000000742600000, 0x0000000800000000)
  region size 2048K, 3 young (6144K), 3 survivors (6144K)
 Metaspace       used 26275K, committed 26560K, reserved 1073152K
  class space    used 2833K, committed 3008K, reserved 1048576K
GC Heap History (20 events):
Event: 4.660 GC heap after
{Heap after GC invocations=3 (full 0):
 garbage-first heap   total 194560K, used 12389K [0x0000000742600000, 0x0000000800000000)
  region size 2048K, 5 young (10240K), 5 survivors (10240K)
 Metaspace       used 12893K, committed 13056K, reserved 1064960K
  class space    used 1452K, committed 1536K, reserved 1048576K
}
Event: 5.617 GC heap before
{Heap before GC invocations=3 (full 0):
 garbage-first heap   total 194560K, used 118885K [0x0000000742600000, 0x0000000800000000)
  region size 2048K, 57 young (116736K), 5 survivors (10240K)
 Metaspace       used 13349K, committed 13504K, reserved 1064960K
  class space    used 1467K, committed 1536K, reserved 1048576K
}
Event: 5.635 GC heap after
{Heap after GC invocations=4 (full 0):
 garbage-first heap   total 194560K, used 15708K [0x0000000742600000, 0x0000000800000000)
  region size 2048K, 6 young (12288K), 6 survivors (12288K)
 Metaspace       used 13349K, committed 13504K, reserved 1064960K
  class space    used 1467K, committed 1536K, reserved 1048576K
}
Event: 7.973 GC heap before
{Heap before GC invocations=4 (full 0):
 garbage-first heap   total 194560K, used 124252K [0x0000000742600000, 0x0000000800000000)
  region size 2048K, 43 young (88064K), 6 survivors (12288K)
 Metaspace       used 21277K, committed 21504K, reserved 1073152K
  class space    used 2398K, committed 2496K, reserved 1048576K
}
Event: 7.993 GC heap after
{Heap after GC invocations=5 (full 0):
 garbage-first heap   total 194560K, used 19255K [0x0000000742600000, 0x0000000800000000)
  region size 2048K, 4 young (8192K), 4 survivors (8192K)
 Metaspace       used 21277K, committed 21504K, reserved 1073152K
  class space    used 2398K, committed 2496K, reserved 1048576K
}
Event: 9.129 GC heap before
{Heap before GC invocations=6 (full 0):
 garbage-first heap   total 75776K, used 58167K [0x0000000742600000, 0x0000000800000000)
  region size 2048K, 22 young (45056K), 4 survivors (8192K)
 Metaspace       used 22826K, committed 23104K, reserved 1073152K
  class space    used 2523K, committed 2688K, reserved 1048576K
}
Event: 9.150 GC heap after
{Heap after GC invocations=7 (full 0):
 garbage-first heap   total 79872K, used 33689K [0x0000000742600000, 0x0000000800000000)
  region size 2048K, 3 young (6144K), 3 survivors (6144K)
 Metaspace       used 22826K, committed 23104K, reserved 1073152K
  class space    used 2523K, committed 2688K, reserved 1048576K
}
Event: 9.187 GC heap before
{Heap before GC invocations=7 (full 0):
 garbage-first heap   total 79872K, used 35737K [0x0000000742600000, 0x0000000800000000)
  region size 2048K, 4 young (8192K), 3 survivors (6144K)
 Metaspace       used 22827K, committed 23104K, reserved 1073152K
  class space    used 2523K, committed 2688K, reserved 1048576K
}
Event: 9.203 GC heap after
{Heap after GC invocations=8 (full 0):
 garbage-first heap   total 79872K, used 34748K [0x0000000742600000, 0x0000000800000000)
  region size 2048K, 1 young (2048K), 1 survivors (2048K)
 Metaspace       used 22827K, committed 23104K, reserved 1073152K
  class space    used 2523K, committed 2688K, reserved 1048576K
}
Event: 9.482 GC heap before
{Heap before GC invocations=8 (full 0):
 garbage-first heap   total 79872K, used 40892K [0x0000000742600000, 0x0000000800000000)
  region size 2048K, 5 young (10240K), 1 survivors (2048K)
 Metaspace       used 22831K, committed 23104K, reserved 1073152K
  class space    used 2523K, committed 2688K, reserved 1048576K
}
Event: 9.488 GC heap after
{Heap after GC invocations=9 (full 0):
 garbage-first heap   total 79872K, used 36741K [0x0000000742600000, 0x0000000800000000)
  region size 2048K, 2 young (4096K), 2 survivors (4096K)
 Metaspace       used 22831K, committed 23104K, reserved 1073152K
  class space    used 2523K, committed 2688K, reserved 1048576K
}
Event: 9.710 GC heap before
{Heap before GC invocations=9 (full 0):
 garbage-first heap   total 79872K, used 57221K [0x0000000742600000, 0x0000000800000000)
  region size 2048K, 12 young (24576K), 2 survivors (4096K)
 Metaspace       used 22841K, committed 23104K, reserved 1073152K
  class space    used 2523K, committed 2688K, reserved 1048576K
}
Event: 9.723 GC heap after
{Heap after GC invocations=10 (full 0):
 garbage-first heap   total 159744K, used 44108K [0x0000000742600000, 0x0000000800000000)
  region size 2048K, 2 young (4096K), 2 survivors (4096K)
 Metaspace       used 22841K, committed 23104K, reserved 1073152K
  class space    used 2523K, committed 2688K, reserved 1048576K
}
Event: 11.603 GC heap before
{Heap before GC invocations=10 (full 0):
 garbage-first heap   total 159744K, used 89164K [0x0000000742600000, 0x0000000800000000)
  region size 2048K, 25 young (51200K), 2 survivors (4096K)
 Metaspace       used 23541K, committed 23808K, reserved 1073152K
  class space    used 2597K, committed 2752K, reserved 1048576K
}
Event: 11.637 GC heap after
{Heap after GC invocations=11 (full 0):
 garbage-first heap   total 159744K, used 57344K [0x0000000742600000, 0x0000000800000000)
  region size 2048K, 4 young (8192K), 4 survivors (8192K)
 Metaspace       used 23541K, committed 23808K, reserved 1073152K
  class space    used 2597K, committed 2752K, reserved 1048576K
}
Event: 12.933 GC heap before
{Heap before GC invocations=11 (full 0):
 garbage-first heap   total 159744K, used 100352K [0x0000000742600000, 0x0000000800000000)
  region size 2048K, 25 young (51200K), 4 survivors (8192K)
 Metaspace       used 25734K, committed 25984K, reserved 1073152K
  class space    used 2820K, committed 2944K, reserved 1048576K
}
Event: 12.978 GC heap after
{Heap after GC invocations=12 (full 0):
 garbage-first heap   total 159744K, used 68030K [0x0000000742600000, 0x0000000800000000)
  region size 2048K, 4 young (8192K), 4 survivors (8192K)
 Metaspace       used 25734K, committed 25984K, reserved 1073152K
  class space    used 2820K, committed 2944K, reserved 1048576K
}
Event: 14.402 GC heap before
{Heap before GC invocations=12 (full 0):
 garbage-first heap   total 159744K, used 108990K [0x0000000742600000, 0x0000000800000000)
  region size 2048K, 23 young (47104K), 4 survivors (8192K)
 Metaspace       used 26248K, committed 26560K, reserved 1073152K
  class space    used 2833K, committed 3008K, reserved 1048576K
}
Event: 14.425 GC heap after
{Heap after GC invocations=13 (full 0):
 garbage-first heap   total 159744K, used 68550K [0x0000000742600000, 0x0000000800000000)
  region size 2048K, 1 young (2048K), 1 survivors (2048K)
 Metaspace       used 26248K, committed 26560K, reserved 1073152K
  class space    used 2833K, committed 3008K, reserved 1048576K
}
Event: 15.085 GC heap before
{Heap before GC invocations=13 (full 0):
 garbage-first heap   total 159744K, used 111558K [0x0000000742600000, 0x0000000800000000)
  region size 2048K, 22 young (45056K), 1 survivors (2048K)
 Metaspace       used 26275K, committed 26560K, reserved 1073152K
  class space    used 2833K, committed 3008K, reserved 1048576K
}

