# JRE version: Java(TM) SE Runtime Environment (17.0.1+12) (build 17.0.1+12-LTS-39)
# Java VM: Java HotSpot(TM) 64-Bit Server VM (17.0.1+12-LTS-39, mixed mode, emulated-client, sharing, tiered, compressed oops, compressed class ptrs, g1 gc, windows-amd64)
GC Precious Log:
 CPUs: 12 total, 12 available
 Memory: 12131M
 Large Page Support: Disabled
 NUMA Support: Disabled
 Compressed Oops: Enabled (Zero based)
 Heap Region Size: 2M
 Heap Min Capacity: 8M
 Heap Initial Capacity: 190M
 Heap Max Capacity: 3034M
 Pre-touch: Disabled
 Parallel Workers: 10
 Concurrent Workers: 3
 Concurrent Refinement Workers: 10
 Periodic GC: Disabled
Heap:
 garbage-first heap   total 479232K, used 280031K [0x0000000742600000, 0x0000000800000000)
  region size 2048K, 73 young (149504K), 6 survivors (12288K)
 Metaspace       used 52879K, committed 53248K, reserved 1097728K
  class space    used 6677K, committed 6848K, reserved 1048576K
GC Heap History (20 events):
Event: 2680.020 GC heap before
{Heap before GC invocations=2018 (full 0):
 garbage-first heap   total 479232K, used 393714K [0x0000000742600000, 0x0000000800000000)
  region size 2048K, 127 young (260096K), 5 survivors (10240K)
 Metaspace       used 52766K, committed 53120K, reserved 1097728K
  class space    used 6674K, committed 6848K, reserved 1048576K
}
Event: 2680.029 GC heap after
{Heap after GC invocations=2019 (full 0):
 garbage-first heap   total 479232K, used 145517K [0x0000000742600000, 0x0000000800000000)
  region size 2048K, 6 young (12288K), 6 survivors (12288K)
 Metaspace       used 52766K, committed 53120K, reserved 1097728K
  class space    used 6674K, committed 6848K, reserved 1048576K
}
Event: 2680.572 GC heap before
{Heap before GC invocations=2019 (full 0):
 garbage-first heap   total 479232K, used 393325K [0x0000000742600000, 0x0000000800000000)
  region size 2048K, 127 young (260096K), 6 survivors (12288K)
 Metaspace       used 52766K, committed 53120K, reserved 1097728K
  class space    used 6674K, committed 6848K, reserved 1048576K
}
Event: 2680.583 GC heap after
{Heap after GC invocations=2020 (full 0):
 garbage-first heap   total 479232K, used 149518K [0x0000000742600000, 0x0000000800000000)
  region size 2048K, 8 young (16384K), 8 survivors (16384K)
 Metaspace       used 52766K, committed 53120K, reserved 1097728K
  class space    used 6674K, committed 6848K, reserved 1048576K
}
Event: 2681.131 GC heap before
{Heap before GC invocations=2020 (full 0):
 garbage-first heap   total 479232K, used 391182K [0x0000000742600000, 0x0000000800000000)
  region size 2048K, 126 young (258048K), 8 survivors (16384K)
 Metaspace       used 52766K, committed 53120K, reserved 1097728K
  class space    used 6674K, committed 6848K, reserved 1048576K
}
Event: 2681.139 GC heap after
{Heap after GC invocations=2021 (full 0):
 garbage-first heap   total 479232K, used 144227K [0x0000000742600000, 0x0000000800000000)
  region size 2048K, 6 young (12288K), 6 survivors (12288K)
 Metaspace       used 52766K, committed 53120K, reserved 1097728K
  class space    used 6674K, committed 6848K, reserved 1048576K
}
Event: 2681.728 GC heap before
{Heap before GC invocations=2021 (full 0):
 garbage-first heap   total 479232K, used 392035K [0x0000000742600000, 0x0000000800000000)
  region size 2048K, 127 young (260096K), 6 survivors (12288K)
 Metaspace       used 52766K, committed 53120K, reserved 1097728K
  class space    used 6674K, committed 6848K, reserved 1048576K
}
Event: 2681.737 GC heap after
{Heap after GC invocations=2022 (full 0):
 garbage-first heap   total 479232K, used 144575K [0x0000000742600000, 0x0000000800000000)
  region size 2048K, 6 young (12288K), 6 survivors (12288K)
 Metaspace       used 52766K, committed 53120K, reserved 1097728K
  class space    used 6674K, committed 6848K, reserved 1048576K
}
Event: 2682.311 GC heap before
{Heap before GC invocations=2022 (full 0):
 garbage-first heap   total 479232K, used 392383K [0x0000000742600000, 0x0000000800000000)
  region size 2048K, 127 young (260096K), 6 survivors (12288K)
 Metaspace       used 52766K, committed 53120K, reserved 1097728K
  class space    used 6674K, committed 6848K, reserved 1048576K
}
Event: 2682.321 GC heap after
{Heap after GC invocations=2023 (full 0):
 garbage-first heap   total 479232K, used 148448K [0x0000000742600000, 0x0000000800000000)
  region size 2048K, 8 young (16384K), 8 survivors (16384K)
 Metaspace       used 52766K, committed 53120K, reserved 1097728K
  class space    used 6674K, committed 6848K, reserved 1048576K
}
Event: 2682.907 GC heap before
{Heap before GC invocations=2023 (full 0):
 garbage-first heap   total 479232K, used 390112K [0x0000000742600000, 0x0000000800000000)
  region size 2048K, 126 young (258048K), 8 survivors (16384K)
 Metaspace       used 52766K, committed 53120K, reserved 1097728K
  class space    used 6674K, committed 6848K, reserved 1048576K
}
Event: 2682.915 GC heap after
{Heap after GC invocations=2024 (full 0):
 garbage-first heap   total 479232K, used 144726K [0x0000000742600000, 0x0000000800000000)
  region size 2048K, 6 young (12288K), 6 survivors (12288K)
 Metaspace       used 52766K, committed 53120K, reserved 1097728K
  class space    used 6674K, committed 6848K, reserved 1048576K
}
Event: 2683.471 GC heap before
{Heap before GC invocations=2024 (full 0):
 garbage-first heap   total 479232K, used 392534K [0x0000000742600000, 0x0000000800000000)
  region size 2048K, 127 young (260096K), 6 survivors (12288K)
 Metaspace       used 52766K, committed 53120K, reserved 1097728K
  class space    used 6674K, committed 6848K, reserved 1048576K
}
Event: 2683.479 GC heap after
{Heap after GC invocations=2025 (full 0):
 garbage-first heap   total 479232K, used 144987K [0x0000000742600000, 0x0000000800000000)
  region size 2048K, 6 young (12288K), 6 survivors (12288K)
 Metaspace       used 52766K, committed 53120K, reserved 1097728K
  class space    used 6674K, committed 6848K, reserved 1048576K
}
Event: 2684.196 GC heap before
{Heap before GC invocations=2025 (full 0):
 garbage-first heap   total 479232K, used 390747K [0x0000000742600000, 0x0000000800000000)
  region size 2048K, 127 young (260096K), 6 survivors (12288K)
 Metaspace       used 52766K, committed 53120K, reserved 1097728K
  class space    used 6674K, committed 6848K, reserved 1048576K
}
Event: 2684.203 GC heap after
{Heap after GC invocations=2026 (full 0):
 garbage-first heap   total 479232K, used 142116K [0x0000000742600000, 0x0000000800000000)
  region size 2048K, 5 young (10240K), 5 survivors (10240K)
 Metaspace       used 52766K, committed 53120K, reserved 1097728K
  class space    used 6674K, committed 6848K, reserved 1048576K
}
Event: 2685.201 GC heap before
{Heap before GC invocations=2026 (full 0):
 garbage-first heap   total 479232K, used 394020K [0x0000000742600000, 0x0000000800000000)
  region size 2048K, 128 young (262144K), 5 survivors (10240K)
 Metaspace       used 52766K, committed 53120K, reserved 1097728K
  class space    used 6674K, committed 6848K, reserved 1048576K
}
Event: 2685.212 GC heap after
{Heap after GC invocations=2027 (full 0):
 garbage-first heap   total 479232K, used 146993K [0x0000000742600000, 0x0000000800000000)
  region size 2048K, 7 young (14336K), 7 survivors (14336K)
 Metaspace       used 52766K, committed 53120K, reserved 1097728K
  class space    used 6674K, committed 6848K, reserved 1048576K
}
Event: 2685.875 GC heap before
{Heap before GC invocations=2027 (full 0):
 garbage-first heap   total 479232K, used 392753K [0x0000000742600000, 0x0000000800000000)
  region size 2048K, 127 young (260096K), 7 survivors (14336K)
 Metaspace       used 52878K, committed 53248K, reserved 1097728K
  class space    used 6677K, committed 6848K, reserved 1048576K
}
Event: 2685.884 GC heap after
{Heap after GC invocations=2028 (full 0):
 garbage-first heap   total 479232K, used 144863K [0x0000000742600000, 0x0000000800000000)
  region size 2048K, 6 young (12288K), 6 survivors (12288K)
 Metaspace       used 52878K, committed 53248K, reserved 1097728K
  class space    used 6677K, committed 6848K, reserved 1048576K
}

