# JRE version: Java(TM) SE Runtime Environment (8.0_301-b09) (build 1.8.0_301-b09)
# Java VM: Java HotSpot(TM) 64-Bit Server VM (25.301-b09 mixed mode windows-amd64 compressed oops)
Heap:
 PSYoungGen      total 991744K, used 787134K [0x0000000780d00000, 0x00000007bfd00000, 0x00000007c0000000)
  eden space 953344K, 80% used [0x0000000780d00000,0x00000007afcffaa0,0x00000007bb000000)
  from space 38400K, 44% used [0x00000007bd780000,0x00000007be830000,0x00000007bfd00000)
  to   space 39424K, 0% used [0x00000007bb000000,0x00000007bb000000,0x00000007bd680000)
 ParOldGen       total 120832K, used 64974K [0x0000000702600000, 0x0000000709c00000, 0x0000000780d00000)
  object space 120832K, 53% used [0x0000000702600000,0x00000007065738e8,0x0000000709c00000)
 Metaspace       used 21310K, capacity 21608K, committed 21808K, reserved 1069056K
  class space    used 2034K, capacity 2109K, committed 2176K, reserved 1048576K
GC Heap History (10 events):
Event: 2002.849 GC heap before
{Heap before GC invocations=534 (full 4):
 PSYoungGen      total 983040K, used 957216K [0x0000000780d00000, 0x00000007bfe80000, 0x00000007c0000000)
  eden space 936960K, 100% used [0x0000000780d00000,0x00000007ba000000,0x00000007ba000000)
  from space 46080K, 43% used [0x00000007ba000000,0x00000007bb3c8000,0x00000007bcd00000)
  to   space 44544K, 0% used [0x00000007bd300000,0x00000007bd300000,0x00000007bfe80000)
 ParOldGen       total 120832K, used 64558K [0x0000000702600000, 0x0000000709c00000, 0x0000000780d00000)
  object space 120832K, 53% used [0x0000000702600000,0x000000070650b8e8,0x0000000709c00000)
 Metaspace       used 21145K, capacity 21384K, committed 21808K, reserved 1069056K
  class space    used 2028K, capacity 2077K, committed 2176K, reserved 1048576K
Event: 2002.882 GC heap after
Heap after GC invocations=534 (full 4):
 PSYoungGen      total 987136K, used 17952K [0x0000000780d00000, 0x00000007bfc80000, 0x00000007c0000000)
  eden space 944640K, 0% used [0x0000000780d00000,0x0000000780d00000,0x00000007ba780000)
  from space 42496K, 42% used [0x00000007bd300000,0x00000007be488000,0x00000007bfc80000)
  to   space 43520K, 0% used [0x00000007ba780000,0x00000007ba780000,0x00000007bd200000)
 ParOldGen       total 120832K, used 64630K [0x0000000702600000, 0x0000000709c00000, 0x0000000780d00000)
  object space 120832K, 53% used [0x0000000702600000,0x000000070651d8e8,0x0000000709c00000)
 Metaspace       used 21145K, capacity 21384K, committed 21808K, reserved 1069056K
  class space    used 2028K, capacity 2077K, committed 2176K, reserved 1048576K
}
Event: 2004.833 GC heap before
{Heap before GC invocations=535 (full 4):
 PSYoungGen      total 987136K, used 962592K [0x0000000780d00000, 0x00000007bfc80000, 0x00000007c0000000)
  eden space 944640K, 100% used [0x0000000780d00000,0x00000007ba780000,0x00000007ba780000)
  from space 42496K, 42% used [0x00000007bd300000,0x00000007be488000,0x00000007bfc80000)
  to   space 43520K, 0% used [0x00000007ba780000,0x00000007ba780000,0x00000007bd200000)
 ParOldGen       total 120832K, used 64630K [0x0000000702600000, 0x0000000709c00000, 0x0000000780d00000)
  object space 120832K, 53% used [0x0000000702600000,0x000000070651d8e8,0x0000000709c00000)
 Metaspace       used 21145K, capacity 21384K, committed 21808K, reserved 1069056K
  class space    used 2028K, capacity 2077K, committed 2176K, reserved 1048576K
Event: 2004.860 GC heap after
Heap after GC invocations=535 (full 4):
 PSYoungGen      total 988160K, used 16064K [0x0000000780d00000, 0x00000007bff00000, 0x00000007c0000000)
  eden space 944640K, 0% used [0x0000000780d00000,0x0000000780d00000,0x00000007ba780000)
  from space 43520K, 36% used [0x00000007ba780000,0x00000007bb730000,0x00000007bd200000)
  to   space 42496K, 0% used [0x00000007bd580000,0x00000007bd580000,0x00000007bff00000)
 ParOldGen       total 120832K, used 64710K [0x0000000702600000, 0x0000000709c00000, 0x0000000780d00000)
  object space 120832K, 53% used [0x0000000702600000,0x00000007065318e8,0x0000000709c00000)
 Metaspace       used 21145K, capacity 21384K, committed 21808K, reserved 1069056K
  class space    used 2028K, capacity 2077K, committed 2176K, reserved 1048576K
}
Event: 2006.808 GC heap before
{Heap before GC invocations=536 (full 4):
 PSYoungGen      total 988160K, used 960704K [0x0000000780d00000, 0x00000007bff00000, 0x00000007c0000000)
  eden space 944640K, 100% used [0x0000000780d00000,0x00000007ba780000,0x00000007ba780000)
  from space 43520K, 36% used [0x00000007ba780000,0x00000007bb730000,0x00000007bd200000)
  to   space 42496K, 0% used [0x00000007bd580000,0x00000007bd580000,0x00000007bff00000)
 ParOldGen       total 120832K, used 64710K [0x0000000702600000, 0x0000000709c00000, 0x0000000780d00000)
  object space 120832K, 53% used [0x0000000702600000,0x00000007065318e8,0x0000000709c00000)
 Metaspace       used 21145K, capacity 21384K, committed 21808K, reserved 1069056K
  class space    used 2028K, capacity 2077K, committed 2176K, reserved 1048576K
Event: 2006.833 GC heap after
Heap after GC invocations=536 (full 4):
 PSYoungGen      total 989696K, used 16400K [0x0000000780d00000, 0x00000007bfd00000, 0x00000007c0000000)
  eden space 949248K, 0% used [0x0000000780d00000,0x0000000780d00000,0x00000007bac00000)
  from space 40448K, 40% used [0x00000007bd580000,0x00000007be584010,0x00000007bfd00000)
  to   space 41472K, 0% used [0x00000007bac00000,0x00000007bac00000,0x00000007bd480000)
 ParOldGen       total 120832K, used 64798K [0x0000000702600000, 0x0000000709c00000, 0x0000000780d00000)
  object space 120832K, 53% used [0x0000000702600000,0x00000007065478e8,0x0000000709c00000)
 Metaspace       used 21145K, capacity 21384K, committed 21808K, reserved 1069056K
  class space    used 2028K, capacity 2077K, committed 2176K, reserved 1048576K
}
Event: 2008.742 GC heap before
{Heap before GC invocations=537 (full 4):
 PSYoungGen      total 989696K, used 965648K [0x0000000780d00000, 0x00000007bfd00000, 0x00000007c0000000)
  eden space 949248K, 100% used [0x0000000780d00000,0x00000007bac00000,0x00000007bac00000)
  from space 40448K, 40% used [0x00000007bd580000,0x00000007be584010,0x00000007bfd00000)
  to   space 41472K, 0% used [0x00000007bac00000,0x00000007bac00000,0x00000007bd480000)
 ParOldGen       total 120832K, used 64798K [0x0000000702600000, 0x0000000709c00000, 0x0000000780d00000)
  object space 120832K, 53% used [0x0000000702600000,0x00000007065478e8,0x0000000709c00000)
 Metaspace       used 21145K, capacity 21384K, committed 21808K, reserved 1069056K
  class space    used 2028K, capacity 2077K, committed 2176K, reserved 1048576K
Event: 2008.767 GC heap after
Heap after GC invocations=537 (full 4):
 PSYoungGen      total 990720K, used 16336K [0x0000000780d00000, 0x00000007bff00000, 0x00000007c0000000)
  eden space 949248K, 0% used [0x0000000780d00000,0x0000000780d00000,0x00000007bac00000)
  from space 41472K, 39% used [0x00000007bac00000,0x00000007bbbf4010,0x00000007bd480000)
  to   space 40448K, 0% used [0x00000007bd780000,0x00000007bd780000,0x00000007bff00000)
 ParOldGen       total 120832K, used 64886K [0x0000000702600000, 0x0000000709c00000, 0x0000000780d00000)
  object space 120832K, 53% used [0x0000000702600000,0x000000070655d8e8,0x0000000709c00000)
 Metaspace       used 21145K, capacity 21384K, committed 21808K, reserved 1069056K
  class space    used 2028K, capacity 2077K, committed 2176K, reserved 1048576K
}
Event: 2010.663 GC heap before
{Heap before GC invocations=538 (full 4):
 PSYoungGen      total 990720K, used 965584K [0x0000000780d00000, 0x00000007bff00000, 0x00000007c0000000)
  eden space 949248K, 100% used [0x0000000780d00000,0x00000007bac00000,0x00000007bac00000)
  from space 41472K, 39% used [0x00000007bac00000,0x00000007bbbf4010,0x00000007bd480000)
  to   space 40448K, 0% used [0x00000007bd780000,0x00000007bd780000,0x00000007bff00000)
 ParOldGen       total 120832K, used 64886K [0x0000000702600000, 0x0000000709c00000, 0x0000000780d00000)
  object space 120832K, 53% used [0x0000000702600000,0x000000070655d8e8,0x0000000709c00000)
 Metaspace       used 21145K, capacity 21384K, committed 21808K, reserved 1069056K
  class space    used 2028K, capacity 2077K, committed 2176K, reserved 1048576K
Event: 2010.691 GC heap after
Heap after GC invocations=538 (full 4):
 PSYoungGen      total 991744K, used 17088K [0x0000000780d00000, 0x00000007bfd00000, 0x00000007c0000000)
  eden space 953344K, 0% used [0x0000000780d00000,0x0000000780d00000,0x00000007bb000000)
  from space 38400K, 44% used [0x00000007bd780000,0x00000007be830000,0x00000007bfd00000)
  to   space 39424K, 0% used [0x00000007bb000000,0x00000007bb000000,0x00000007bd680000)
 ParOldGen       total 120832K, used 64974K [0x0000000702600000, 0x0000000709c00000, 0x0000000780d00000)
  object space 120832K, 53% used [0x0000000702600000,0x00000007065738e8,0x0000000709c00000)
 Metaspace       used 21145K, capacity 21384K, committed 21808K, reserved 1069056K
  class space    used 2028K, capacity 2077K, committed 2176K, reserved 1048576K
}

