# JRE version: Java(TM) SE Runtime Environment (17.0.1+12) (build 17.0.1+12-LTS-39)
# Java VM: Java HotSpot(TM) 64-Bit Server VM (17.0.1+12-LTS-39, mixed mode, emulated-client, sharing, tiered, compressed oops, compressed class ptrs, g1 gc, windows-amd64)
GC Precious Log:
 CPUs: 12 total, 12 available
 Memory: 12131M
 Large Page Support: Disabled
 NUMA Support: Disabled
 Compressed Oops: Enabled (Zero based)
 Heap Region Size: 2M
 Heap Min Capacity: 8M
 Heap Initial Capacity: 190M
 Heap Max Capacity: 3034M
 Pre-touch: Disabled
 Parallel Workers: 10
 Concurrent Workers: 3
 Concurrent Refinement Workers: 10
 Periodic GC: Disabled
Heap:
 garbage-first heap   total 319488K, used 147819K [0x0000000742600000, 0x0000000800000000)
  region size 2048K, 52 young (106496K), 5 survivors (10240K)
 Metaspace       used 52261K, committed 52672K, reserved 1097728K
  class space    used 6615K, committed 6784K, reserved 1048576K
GC Heap History (20 events):
Event: 546.606 GC heap before
{Heap before GC invocations=51 (full 0):
 garbage-first heap   total 319488K, used 233985K [0x0000000742600000, 0x0000000800000000)
  region size 2048K, 93 young (190464K), 5 survivors (10240K)
 Metaspace       used 52056K, committed 52480K, reserved 1097728K
  class space    used 6604K, committed 6784K, reserved 1048576K
}
Event: 546.612 GC heap after
{Heap after GC invocations=52 (full 0):
 garbage-first heap   total 319488K, used 54106K [0x0000000742600000, 0x0000000800000000)
  region size 2048K, 5 young (10240K), 5 survivors (10240K)
 Metaspace       used 52056K, committed 52480K, reserved 1097728K
  class space    used 6604K, committed 6784K, reserved 1048576K
}
Event: 547.098 GC heap before
{Heap before GC invocations=52 (full 0):
 garbage-first heap   total 319488K, used 234330K [0x0000000742600000, 0x0000000800000000)
  region size 2048K, 93 young (190464K), 5 survivors (10240K)
 Metaspace       used 52056K, committed 52480K, reserved 1097728K
  class space    used 6604K, committed 6784K, reserved 1048576K
}
Event: 547.104 GC heap after
{Heap after GC invocations=53 (full 0):
 garbage-first heap   total 319488K, used 53851K [0x0000000742600000, 0x0000000800000000)
  region size 2048K, 5 young (10240K), 5 survivors (10240K)
 Metaspace       used 52056K, committed 52480K, reserved 1097728K
  class space    used 6604K, committed 6784K, reserved 1048576K
}
Event: 547.584 GC heap before
{Heap before GC invocations=53 (full 0):
 garbage-first heap   total 319488K, used 234075K [0x0000000742600000, 0x0000000800000000)
  region size 2048K, 93 young (190464K), 5 survivors (10240K)
 Metaspace       used 52056K, committed 52480K, reserved 1097728K
  class space    used 6604K, committed 6784K, reserved 1048576K
}
Event: 547.589 GC heap after
{Heap after GC invocations=54 (full 0):
 garbage-first heap   total 319488K, used 50424K [0x0000000742600000, 0x0000000800000000)
  region size 2048K, 3 young (6144K), 3 survivors (6144K)
 Metaspace       used 52056K, committed 52480K, reserved 1097728K
  class space    used 6604K, committed 6784K, reserved 1048576K
}
Event: 548.041 GC heap before
{Heap before GC invocations=54 (full 0):
 garbage-first heap   total 319488K, used 234744K [0x0000000742600000, 0x0000000800000000)
  region size 2048K, 93 young (190464K), 3 survivors (6144K)
 Metaspace       used 52056K, committed 52480K, reserved 1097728K
  class space    used 6604K, committed 6784K, reserved 1048576K
}
Event: 548.047 GC heap after
{Heap after GC invocations=55 (full 0):
 garbage-first heap   total 319488K, used 53560K [0x0000000742600000, 0x0000000800000000)
  region size 2048K, 5 young (10240K), 5 survivors (10240K)
 Metaspace       used 52056K, committed 52480K, reserved 1097728K
  class space    used 6604K, committed 6784K, reserved 1048576K
}
Event: 548.539 GC heap before
{Heap before GC invocations=55 (full 0):
 garbage-first heap   total 319488K, used 233784K [0x0000000742600000, 0x0000000800000000)
  region size 2048K, 93 young (190464K), 5 survivors (10240K)
 Metaspace       used 52056K, committed 52480K, reserved 1097728K
  class space    used 6604K, committed 6784K, reserved 1048576K
}
Event: 548.546 GC heap after
{Heap after GC invocations=56 (full 0):
 garbage-first heap   total 319488K, used 54011K [0x0000000742600000, 0x0000000800000000)
  region size 2048K, 5 young (10240K), 5 survivors (10240K)
 Metaspace       used 52056K, committed 52480K, reserved 1097728K
  class space    used 6604K, committed 6784K, reserved 1048576K
}
Event: 549.030 GC heap before
{Heap before GC invocations=56 (full 0):
 garbage-first heap   total 319488K, used 234235K [0x0000000742600000, 0x0000000800000000)
  region size 2048K, 93 young (190464K), 5 survivors (10240K)
 Metaspace       used 52056K, committed 52480K, reserved 1097728K
  class space    used 6604K, committed 6784K, reserved 1048576K
}
Event: 549.036 GC heap after
{Heap after GC invocations=57 (full 0):
 garbage-first heap   total 319488K, used 54084K [0x0000000742600000, 0x0000000800000000)
  region size 2048K, 5 young (10240K), 5 survivors (10240K)
 Metaspace       used 52056K, committed 52480K, reserved 1097728K
  class space    used 6604K, committed 6784K, reserved 1048576K
}
Event: 549.523 GC heap before
{Heap before GC invocations=57 (full 0):
 garbage-first heap   total 319488K, used 234308K [0x0000000742600000, 0x0000000800000000)
  region size 2048K, 93 young (190464K), 5 survivors (10240K)
 Metaspace       used 52056K, committed 52480K, reserved 1097728K
  class space    used 6604K, committed 6784K, reserved 1048576K
}
Event: 549.528 GC heap after
{Heap after GC invocations=58 (full 0):
 garbage-first heap   total 319488K, used 51000K [0x0000000742600000, 0x0000000800000000)
  region size 2048K, 3 young (6144K), 3 survivors (6144K)
 Metaspace       used 52056K, committed 52480K, reserved 1097728K
  class space    used 6604K, committed 6784K, reserved 1048576K
}
Event: 549.983 GC heap before
{Heap before GC invocations=58 (full 0):
 garbage-first heap   total 319488K, used 235320K [0x0000000742600000, 0x0000000800000000)
  region size 2048K, 93 young (190464K), 3 survivors (6144K)
 Metaspace       used 52056K, committed 52480K, reserved 1097728K
  class space    used 6604K, committed 6784K, reserved 1048576K
}
Event: 549.989 GC heap after
{Heap after GC invocations=59 (full 0):
 garbage-first heap   total 319488K, used 53836K [0x0000000742600000, 0x0000000800000000)
  region size 2048K, 5 young (10240K), 5 survivors (10240K)
 Metaspace       used 52056K, committed 52480K, reserved 1097728K
  class space    used 6604K, committed 6784K, reserved 1048576K
}
Event: 550.474 GC heap before
{Heap before GC invocations=59 (full 0):
 garbage-first heap   total 319488K, used 234060K [0x0000000742600000, 0x0000000800000000)
  region size 2048K, 93 young (190464K), 5 survivors (10240K)
 Metaspace       used 52056K, committed 52480K, reserved 1097728K
  class space    used 6604K, committed 6784K, reserved 1048576K
}
Event: 550.480 GC heap after
{Heap after GC invocations=60 (full 0):
 garbage-first heap   total 319488K, used 54342K [0x0000000742600000, 0x0000000800000000)
  region size 2048K, 5 young (10240K), 5 survivors (10240K)
 Metaspace       used 52056K, committed 52480K, reserved 1097728K
  class space    used 6604K, committed 6784K, reserved 1048576K
}
Event: 551.770 GC heap before
{Heap before GC invocations=60 (full 0):
 garbage-first heap   total 319488K, used 234566K [0x0000000742600000, 0x0000000800000000)
  region size 2048K, 93 young (190464K), 5 survivors (10240K)
 Metaspace       used 52261K, committed 52672K, reserved 1097728K
  class space    used 6615K, committed 6784K, reserved 1048576K
}
Event: 551.779 GC heap after
{Heap after GC invocations=61 (full 0):
 garbage-first heap   total 319488K, used 53611K [0x0000000742600000, 0x0000000800000000)
  region size 2048K, 5 young (10240K), 5 survivors (10240K)
 Metaspace       used 52261K, committed 52672K, reserved 1097728K
  class space    used 6615K, committed 6784K, reserved 1048576K
}

