# JRE version: Java(TM) SE Runtime Environment (8.0_301-b09) (build 1.8.0_301-b09)
# Java VM: Java HotSpot(TM) 64-Bit Server VM (25.301-b09 mixed mode windows-amd64 compressed oops)
Heap:
 PSYoungGen      total 997376K, used 389901K [0x0000000780d00000, 0x00000007bfe80000, 0x00000007c0000000)
  eden space 961024K, 38% used [0x0000000780d00000,0x0000000797a93660,0x00000007bb780000)
  from space 36352K, 42% used [0x00000007bda80000,0x00000007be9b0000,0x00000007bfe00000)
  to   space 35840K, 0% used [0x00000007bb780000,0x00000007bb780000,0x00000007bda80000)
 ParOldGen       total 145920K, used 82819K [0x0000000702600000, 0x000000070b480000, 0x0000000780d00000)
  object space 145920K, 56% used [0x0000000702600000,0x00000007076e0d30,0x000000070b480000)
 Metaspace       used 21570K, capacity 21784K, committed 22064K, reserved 1069056K
  class space    used 2054K, capacity 2141K, committed 2176K, reserved 1048576K
GC Heap History (10 events):
Event: 2874.439 GC heap before
{Heap before GC invocations=571 (full 7):
 PSYoungGen      total 987648K, used 967168K [0x0000000780d00000, 0x00000007bfb00000, 0x00000007c0000000)
  eden space 945152K, 100% used [0x0000000780d00000,0x00000007ba800000,0x00000007ba800000)
  from space 42496K, 51% used [0x00000007ba800000,0x00000007bbd80000,0x00000007bd180000)
  to   space 40448K, 0% used [0x00000007bd380000,0x00000007bd380000,0x00000007bfb00000)
 ParOldGen       total 145920K, used 82419K [0x0000000702600000, 0x000000070b480000, 0x0000000780d00000)
  object space 145920K, 56% used [0x0000000702600000,0x000000070767cd30,0x000000070b480000)
 Metaspace       used 21412K, capacity 21688K, committed 22064K, reserved 1069056K
  class space    used 2048K, capacity 2109K, committed 2176K, reserved 1048576K
Event: 2874.473 GC heap after
Heap after GC invocations=571 (full 7):
 PSYoungGen      total 990720K, used 23744K [0x0000000780d00000, 0x00000007bfc00000, 0x00000007c0000000)
  eden space 950272K, 0% used [0x0000000780d00000,0x0000000780d00000,0x00000007bad00000)
  from space 40448K, 58% used [0x00000007bd380000,0x00000007beab0000,0x00000007bfb00000)
  to   space 39424K, 0% used [0x00000007bad00000,0x00000007bad00000,0x00000007bd380000)
 ParOldGen       total 145920K, used 82499K [0x0000000702600000, 0x000000070b480000, 0x0000000780d00000)
  object space 145920K, 56% used [0x0000000702600000,0x0000000707690d30,0x000000070b480000)
 Metaspace       used 21412K, capacity 21688K, committed 22064K, reserved 1069056K
  class space    used 2048K, capacity 2109K, committed 2176K, reserved 1048576K
}
Event: 2876.984 GC heap before
{Heap before GC invocations=572 (full 7):
 PSYoungGen      total 990720K, used 974016K [0x0000000780d00000, 0x00000007bfc00000, 0x00000007c0000000)
  eden space 950272K, 100% used [0x0000000780d00000,0x00000007bad00000,0x00000007bad00000)
  from space 40448K, 58% used [0x00000007bd380000,0x00000007beab0000,0x00000007bfb00000)
  to   space 39424K, 0% used [0x00000007bad00000,0x00000007bad00000,0x00000007bd380000)
 ParOldGen       total 145920K, used 82499K [0x0000000702600000, 0x000000070b480000, 0x0000000780d00000)
  object space 145920K, 56% used [0x0000000702600000,0x0000000707690d30,0x000000070b480000)
 Metaspace       used 21412K, capacity 21688K, committed 22064K, reserved 1069056K
  class space    used 2048K, capacity 2109K, committed 2176K, reserved 1048576K
Event: 2877.015 GC heap after
Heap after GC invocations=572 (full 7):
 PSYoungGen      total 989696K, used 21360K [0x0000000780d00000, 0x00000007bfc00000, 0x00000007c0000000)
  eden space 950272K, 0% used [0x0000000780d00000,0x0000000780d00000,0x00000007bad00000)
  from space 39424K, 54% used [0x00000007bad00000,0x00000007bc1dc010,0x00000007bd380000)
  to   space 37888K, 0% used [0x00000007bd700000,0x00000007bd700000,0x00000007bfc00000)
 ParOldGen       total 145920K, used 82579K [0x0000000702600000, 0x000000070b480000, 0x0000000780d00000)
  object space 145920K, 56% used [0x0000000702600000,0x00000007076a4d30,0x000000070b480000)
 Metaspace       used 21412K, capacity 21688K, committed 22064K, reserved 1069056K
  class space    used 2048K, capacity 2109K, committed 2176K, reserved 1048576K
}
Event: 2879.530 GC heap before
{Heap before GC invocations=573 (full 7):
 PSYoungGen      total 989696K, used 971632K [0x0000000780d00000, 0x00000007bfc00000, 0x00000007c0000000)
  eden space 950272K, 100% used [0x0000000780d00000,0x00000007bad00000,0x00000007bad00000)
  from space 39424K, 54% used [0x00000007bad00000,0x00000007bc1dc010,0x00000007bd380000)
  to   space 37888K, 0% used [0x00000007bd700000,0x00000007bd700000,0x00000007bfc00000)
 ParOldGen       total 145920K, used 82579K [0x0000000702600000, 0x000000070b480000, 0x0000000780d00000)
  object space 145920K, 56% used [0x0000000702600000,0x00000007076a4d30,0x000000070b480000)
 Metaspace       used 21412K, capacity 21688K, committed 22064K, reserved 1069056K
  class space    used 2048K, capacity 2109K, committed 2176K, reserved 1048576K
Event: 2879.560 GC heap after
Heap after GC invocations=573 (full 7):
 PSYoungGen      total 994304K, used 18592K [0x0000000780d00000, 0x00000007bfc80000, 0x00000007c0000000)
  eden space 956416K, 0% used [0x0000000780d00000,0x0000000780d00000,0x00000007bb300000)
  from space 37888K, 49% used [0x00000007bd700000,0x00000007be928000,0x00000007bfc00000)
  to   space 36864K, 0% used [0x00000007bb300000,0x00000007bb300000,0x00000007bd700000)
 ParOldGen       total 145920K, used 82659K [0x0000000702600000, 0x000000070b480000, 0x0000000780d00000)
  object space 145920K, 56% used [0x0000000702600000,0x00000007076b8d30,0x000000070b480000)
 Metaspace       used 21412K, capacity 21688K, committed 22064K, reserved 1069056K
  class space    used 2048K, capacity 2109K, committed 2176K, reserved 1048576K
}
Event: 2882.067 GC heap before
{Heap before GC invocations=574 (full 7):
 PSYoungGen      total 994304K, used 975008K [0x0000000780d00000, 0x00000007bfc80000, 0x00000007c0000000)
  eden space 956416K, 100% used [0x0000000780d00000,0x00000007bb300000,0x00000007bb300000)
  from space 37888K, 49% used [0x00000007bd700000,0x00000007be928000,0x00000007bfc00000)
  to   space 36864K, 0% used [0x00000007bb300000,0x00000007bb300000,0x00000007bd700000)
 ParOldGen       total 145920K, used 82659K [0x0000000702600000, 0x000000070b480000, 0x0000000780d00000)
  object space 145920K, 56% used [0x0000000702600000,0x00000007076b8d30,0x000000070b480000)
 Metaspace       used 21412K, capacity 21688K, committed 22064K, reserved 1069056K
  class space    used 2048K, capacity 2109K, committed 2176K, reserved 1048576K
Event: 2882.097 GC heap after
Heap after GC invocations=574 (full 7):
 PSYoungGen      total 993280K, used 17056K [0x0000000780d00000, 0x00000007bfe00000, 0x00000007c0000000)
  eden space 956416K, 0% used [0x0000000780d00000,0x0000000780d00000,0x00000007bb300000)
  from space 36864K, 46% used [0x00000007bb300000,0x00000007bc3a8000,0x00000007bd700000)
  to   space 36352K, 0% used [0x00000007bda80000,0x00000007bda80000,0x00000007bfe00000)
 ParOldGen       total 145920K, used 82739K [0x0000000702600000, 0x000000070b480000, 0x0000000780d00000)
  object space 145920K, 56% used [0x0000000702600000,0x00000007076ccd30,0x000000070b480000)
 Metaspace       used 21412K, capacity 21688K, committed 22064K, reserved 1069056K
  class space    used 2048K, capacity 2109K, committed 2176K, reserved 1048576K
}
Event: 2884.770 GC heap before
{Heap before GC invocations=575 (full 7):
 PSYoungGen      total 993280K, used 973472K [0x0000000780d00000, 0x00000007bfe00000, 0x00000007c0000000)
  eden space 956416K, 100% used [0x0000000780d00000,0x00000007bb300000,0x00000007bb300000)
  from space 36864K, 46% used [0x00000007bb300000,0x00000007bc3a8000,0x00000007bd700000)
  to   space 36352K, 0% used [0x00000007bda80000,0x00000007bda80000,0x00000007bfe00000)
 ParOldGen       total 145920K, used 82739K [0x0000000702600000, 0x000000070b480000, 0x0000000780d00000)
  object space 145920K, 56% used [0x0000000702600000,0x00000007076ccd30,0x000000070b480000)
 Metaspace       used 21412K, capacity 21688K, committed 22064K, reserved 1069056K
  class space    used 2048K, capacity 2109K, committed 2176K, reserved 1048576K
Event: 2884.796 GC heap after
Heap after GC invocations=575 (full 7):
 PSYoungGen      total 997376K, used 15552K [0x0000000780d00000, 0x00000007bfe80000, 0x00000007c0000000)
  eden space 961024K, 0% used [0x0000000780d00000,0x0000000780d00000,0x00000007bb780000)
  from space 36352K, 42% used [0x00000007bda80000,0x00000007be9b0000,0x00000007bfe00000)
  to   space 35840K, 0% used [0x00000007bb780000,0x00000007bb780000,0x00000007bda80000)
 ParOldGen       total 145920K, used 82819K [0x0000000702600000, 0x000000070b480000, 0x0000000780d00000)
  object space 145920K, 56% used [0x0000000702600000,0x00000007076e0d30,0x000000070b480000)
 Metaspace       used 21412K, capacity 21688K, committed 22064K, reserved 1069056K
  class space    used 2048K, capacity 2109K, committed 2176K, reserved 1048576K
}

