# JRE version: Java(TM) SE Runtime Environment (17.0.1+12) (build 17.0.1+12-LTS-39)
# Java VM: Java HotSpot(TM) 64-Bit Server VM (17.0.1+12-LTS-39, mixed mode, sharing, tiered, compressed oops, compressed class ptrs, g1 gc, windows-amd64)
GC Precious Log:
 CPUs: 12 total, 12 available
 Memory: 12131M
 Large Page Support: Disabled
 NUMA Support: Disabled
 Compressed Oops: Enabled (Zero based)
 Heap Region Size: 2M
 Heap Min Capacity: 8M
 Heap Initial Capacity: 190M
 Heap Max Capacity: 3034M
 Pre-touch: Disabled
 Parallel Workers: 10
 Concurrent Workers: 3
 Concurrent Refinement Workers: 10
 Periodic GC: Disabled
Heap:
 garbage-first heap   total 194560K, used 29653K [0x0000000742600000, 0x0000000800000000)
  region size 2048K, 10 young (20480K), 5 survivors (10240K)
 Metaspace       used 16148K, committed 16448K, reserved 1064960K
  class space    used 1726K, committed 1856K, reserved 1048576K
GC Heap History (10 events):
Event: 1.239 GC heap before
{Heap before GC invocations=0 (full 0):
 garbage-first heap   total 194560K, used 22528K [0x0000000742600000, 0x0000000800000000)
  region size 2048K, 11 young (22528K), 0 survivors (0K)
 Metaspace       used 4753K, committed 4928K, reserved 1056768K
  class space    used 561K, committed 640K, reserved 1048576K
}
Event: 1.247 GC heap after
{Heap after GC invocations=1 (full 0):
 garbage-first heap   total 194560K, used 3924K [0x0000000742600000, 0x0000000800000000)
  region size 2048K, 2 young (4096K), 2 survivors (4096K)
 Metaspace       used 4753K, committed 4928K, reserved 1056768K
  class space    used 561K, committed 640K, reserved 1048576K
}
Event: 2.301 GC heap before
{Heap before GC invocations=1 (full 0):
 garbage-first heap   total 194560K, used 30548K [0x0000000742600000, 0x0000000800000000)
  region size 2048K, 15 young (30720K), 2 survivors (4096K)
 Metaspace       used 8964K, committed 9088K, reserved 1064960K
  class space    used 1101K, committed 1152K, reserved 1048576K
}
Event: 2.311 GC heap after
{Heap after GC invocations=2 (full 0):
 garbage-first heap   total 194560K, used 5666K [0x0000000742600000, 0x0000000800000000)
  region size 2048K, 1 young (2048K), 1 survivors (2048K)
 Metaspace       used 8964K, committed 9088K, reserved 1064960K
  class space    used 1101K, committed 1152K, reserved 1048576K
}
Event: 4.525 GC heap before
{Heap before GC invocations=2 (full 0):
 garbage-first heap   total 194560K, used 120354K [0x0000000742600000, 0x0000000800000000)
  region size 2048K, 57 young (116736K), 1 survivors (2048K)
 Metaspace       used 12933K, committed 13056K, reserved 1064960K
  class space    used 1452K, committed 1536K, reserved 1048576K
}
Event: 4.542 GC heap after
{Heap after GC invocations=3 (full 0):
 garbage-first heap   total 194560K, used 12667K [0x0000000742600000, 0x0000000800000000)
  region size 2048K, 5 young (10240K), 5 survivors (10240K)
 Metaspace       used 12933K, committed 13056K, reserved 1064960K
  class space    used 1452K, committed 1536K, reserved 1048576K
}
Event: 5.529 GC heap before
{Heap before GC invocations=3 (full 0):
 garbage-first heap   total 194560K, used 119163K [0x0000000742600000, 0x0000000800000000)
  region size 2048K, 57 young (116736K), 5 survivors (10240K)
 Metaspace       used 13385K, committed 13568K, reserved 1064960K
  class space    used 1467K, committed 1536K, reserved 1048576K
}
Event: 5.546 GC heap after
{Heap after GC invocations=4 (full 0):
 garbage-first heap   total 194560K, used 15891K [0x0000000742600000, 0x0000000800000000)
  region size 2048K, 6 young (12288K), 6 survivors (12288K)
 Metaspace       used 13385K, committed 13568K, reserved 1064960K
  class space    used 1467K, committed 1536K, reserved 1048576K
}
Event: 7.311 GC heap before
{Heap before GC invocations=4 (full 0):
 garbage-first heap   total 194560K, used 155155K [0x0000000742600000, 0x0000000800000000)
  region size 2048K, 57 young (116736K), 6 survivors (12288K)
 Metaspace       used 15890K, committed 16128K, reserved 1064960K
  class space    used 1700K, committed 1856K, reserved 1048576K
}
Event: 7.332 GC heap after
{Heap after GC invocations=5 (full 0):
 garbage-first heap   total 194560K, used 21461K [0x0000000742600000, 0x0000000800000000)
  region size 2048K, 5 young (10240K), 5 survivors (10240K)
 Metaspace       used 15890K, committed 16128K, reserved 1064960K
  class space    used 1700K, committed 1856K, reserved 1048576K
}

