# JRE version: Java(TM) SE Runtime Environment (8.0_301-b09) (build 1.8.0_301-b09)
# Java VM: Java HotSpot(TM) 64-Bit Server VM (25.301-b09 mixed mode windows-amd64 compressed oops)
Heap:
 PSYoungGen      total 999936K, used 90701K [0x0000000780d00000, 0x00000007c0000000, 0x00000007c0000000)
  eden space 968704K, 6% used [0x0000000780d00000,0x00000007849e3f98,0x00000007bbf00000)
  from space 31232K, 90% used [0x00000007be000000,0x00000007bfbaf5f8,0x00000007bfe80000)
  to   space 33280K, 0% used [0x00000007bbf00000,0x00000007bbf00000,0x00000007bdf80000)
 ParOldGen       total 79360K, used 30623K [0x0000000702600000, 0x0000000707380000, 0x0000000780d00000)
  object space 79360K, 38% used [0x0000000702600000,0x00000007043e7f88,0x0000000707380000)
 Metaspace       used 21234K, capacity 21512K, committed 21808K, reserved 1069056K
  class space    used 2053K, capacity 2141K, committed 2176K, reserved 1048576K
GC Heap History (10 events):
Event: 190.598 GC heap before
{Heap before GC invocations=53 (full 1):
 PSYoungGen      total 997888K, used 990592K [0x0000000780d00000, 0x00000007c0000000, 0x00000007c0000000)
  eden space 964096K, 100% used [0x0000000780d00000,0x00000007bba80000,0x00000007bba80000)
  from space 33792K, 78% used [0x00000007bba80000,0x00000007bd460000,0x00000007bdb80000)
  to   space 34816K, 0% used [0x00000007bde00000,0x00000007bde00000,0x00000007c0000000)
 ParOldGen       total 79360K, used 30199K [0x0000000702600000, 0x0000000707380000, 0x0000000780d00000)
  object space 79360K, 38% used [0x0000000702600000,0x000000070437df88,0x0000000707380000)
 Metaspace       used 21074K, capacity 21288K, committed 21552K, reserved 1069056K
  class space    used 2046K, capacity 2109K, committed 2176K, reserved 1048576K
Event: 190.624 GC heap after
Heap after GC invocations=53 (full 1):
 PSYoungGen      total 1000448K, used 18464K [0x0000000780d00000, 0x00000007bff00000, 0x00000007c0000000)
  eden space 966656K, 0% used [0x0000000780d00000,0x0000000780d00000,0x00000007bbd00000)
  from space 33792K, 54% used [0x00000007bde00000,0x00000007bf008000,0x00000007bff00000)
  to   space 33792K, 0% used [0x00000007bbd00000,0x00000007bbd00000,0x00000007bde00000)
 ParOldGen       total 79360K, used 30287K [0x0000000702600000, 0x0000000707380000, 0x0000000780d00000)
  object space 79360K, 38% used [0x0000000702600000,0x0000000704393f88,0x0000000707380000)
 Metaspace       used 21074K, capacity 21288K, committed 21552K, reserved 1069056K
  class space    used 2046K, capacity 2109K, committed 2176K, reserved 1048576K
}
Event: 193.377 GC heap before
{Heap before GC invocations=54 (full 1):
 PSYoungGen      total 1000448K, used 985120K [0x0000000780d00000, 0x00000007bff00000, 0x00000007c0000000)
  eden space 966656K, 100% used [0x0000000780d00000,0x00000007bbd00000,0x00000007bbd00000)
  from space 33792K, 54% used [0x00000007bde00000,0x00000007bf008000,0x00000007bff00000)
  to   space 33792K, 0% used [0x00000007bbd00000,0x00000007bbd00000,0x00000007bde00000)
 ParOldGen       total 79360K, used 30287K [0x0000000702600000, 0x0000000707380000, 0x0000000780d00000)
  object space 79360K, 38% used [0x0000000702600000,0x0000000704393f88,0x0000000707380000)
 Metaspace       used 21074K, capacity 21288K, committed 21552K, reserved 1069056K
  class space    used 2046K, capacity 2109K, committed 2176K, reserved 1048576K
Event: 193.410 GC heap after
Heap after GC invocations=54 (full 1):
 PSYoungGen      total 1000448K, used 21856K [0x0000000780d00000, 0x00000007bff00000, 0x00000007c0000000)
  eden space 966656K, 0% used [0x0000000780d00000,0x0000000780d00000,0x00000007bbd00000)
  from space 33792K, 64% used [0x00000007bbd00000,0x00000007bd258000,0x00000007bde00000)
  to   space 33280K, 0% used [0x00000007bde80000,0x00000007bde80000,0x00000007bff00000)
 ParOldGen       total 79360K, used 30375K [0x0000000702600000, 0x0000000707380000, 0x0000000780d00000)
  object space 79360K, 38% used [0x0000000702600000,0x00000007043a9f88,0x0000000707380000)
 Metaspace       used 21074K, capacity 21288K, committed 21552K, reserved 1069056K
  class space    used 2046K, capacity 2109K, committed 2176K, reserved 1048576K
}
Event: 195.964 GC heap before
{Heap before GC invocations=55 (full 1):
 PSYoungGen      total 1000448K, used 988512K [0x0000000780d00000, 0x00000007bff00000, 0x00000007c0000000)
  eden space 966656K, 100% used [0x0000000780d00000,0x00000007bbd00000,0x00000007bbd00000)
  from space 33792K, 64% used [0x00000007bbd00000,0x00000007bd258000,0x00000007bde00000)
  to   space 33280K, 0% used [0x00000007bde80000,0x00000007bde80000,0x00000007bff00000)
 ParOldGen       total 79360K, used 30375K [0x0000000702600000, 0x0000000707380000, 0x0000000780d00000)
  object space 79360K, 38% used [0x0000000702600000,0x00000007043a9f88,0x0000000707380000)
 Metaspace       used 21074K, capacity 21288K, committed 21552K, reserved 1069056K
  class space    used 2046K, capacity 2109K, committed 2176K, reserved 1048576K
Event: 195.997 GC heap after
Heap after GC invocations=55 (full 1):
 PSYoungGen      total 999936K, used 21824K [0x0000000780d00000, 0x00000007bfd80000, 0x00000007c0000000)
  eden space 968192K, 0% used [0x0000000780d00000,0x0000000780d00000,0x00000007bbe80000)
  from space 31744K, 68% used [0x00000007bde80000,0x00000007bf3d0000,0x00000007bfd80000)
  to   space 32256K, 0% used [0x00000007bbe80000,0x00000007bbe80000,0x00000007bde00000)
 ParOldGen       total 79360K, used 30463K [0x0000000702600000, 0x0000000707380000, 0x0000000780d00000)
  object space 79360K, 38% used [0x0000000702600000,0x00000007043bff88,0x0000000707380000)
 Metaspace       used 21074K, capacity 21288K, committed 21552K, reserved 1069056K
  class space    used 2046K, capacity 2109K, committed 2176K, reserved 1048576K
}
Event: 198.595 GC heap before
{Heap before GC invocations=56 (full 1):
 PSYoungGen      total 999936K, used 990016K [0x0000000780d00000, 0x00000007bfd80000, 0x00000007c0000000)
  eden space 968192K, 100% used [0x0000000780d00000,0x00000007bbe80000,0x00000007bbe80000)
  from space 31744K, 68% used [0x00000007bde80000,0x00000007bf3d0000,0x00000007bfd80000)
  to   space 32256K, 0% used [0x00000007bbe80000,0x00000007bbe80000,0x00000007bde00000)
 ParOldGen       total 79360K, used 30463K [0x0000000702600000, 0x0000000707380000, 0x0000000780d00000)
  object space 79360K, 38% used [0x0000000702600000,0x00000007043bff88,0x0000000707380000)
 Metaspace       used 21076K, capacity 21288K, committed 21552K, reserved 1069056K
  class space    used 2047K, capacity 2109K, committed 2176K, reserved 1048576K
Event: 198.631 GC heap after
Heap after GC invocations=56 (full 1):
 PSYoungGen      total 1000448K, used 21824K [0x0000000780d00000, 0x00000007bfe80000, 0x00000007c0000000)
  eden space 968192K, 0% used [0x0000000780d00000,0x0000000780d00000,0x00000007bbe80000)
  from space 32256K, 67% used [0x00000007bbe80000,0x00000007bd3d0000,0x00000007bde00000)
  to   space 31232K, 0% used [0x00000007be000000,0x00000007be000000,0x00000007bfe80000)
 ParOldGen       total 79360K, used 30535K [0x0000000702600000, 0x0000000707380000, 0x0000000780d00000)
  object space 79360K, 38% used [0x0000000702600000,0x00000007043d1f88,0x0000000707380000)
 Metaspace       used 21076K, capacity 21288K, committed 21552K, reserved 1069056K
  class space    used 2047K, capacity 2109K, committed 2176K, reserved 1048576K
}
Event: 202.508 GC heap before
{Heap before GC invocations=57 (full 1):
 PSYoungGen      total 1000448K, used 990016K [0x0000000780d00000, 0x00000007bfe80000, 0x00000007c0000000)
  eden space 968192K, 100% used [0x0000000780d00000,0x00000007bbe80000,0x00000007bbe80000)
  from space 32256K, 67% used [0x00000007bbe80000,0x00000007bd3d0000,0x00000007bde00000)
  to   space 31232K, 0% used [0x00000007be000000,0x00000007be000000,0x00000007bfe80000)
 ParOldGen       total 79360K, used 30535K [0x0000000702600000, 0x0000000707380000, 0x0000000780d00000)
  object space 79360K, 38% used [0x0000000702600000,0x00000007043d1f88,0x0000000707380000)
 Metaspace       used 21234K, capacity 21512K, committed 21808K, reserved 1069056K
  class space    used 2053K, capacity 2141K, committed 2176K, reserved 1048576K
Event: 202.560 GC heap after
Heap after GC invocations=57 (full 1):
 PSYoungGen      total 999936K, used 28349K [0x0000000780d00000, 0x00000007c0000000, 0x00000007c0000000)
  eden space 968704K, 0% used [0x0000000780d00000,0x0000000780d00000,0x00000007bbf00000)
  from space 31232K, 90% used [0x00000007be000000,0x00000007bfbaf5f8,0x00000007bfe80000)
  to   space 33280K, 0% used [0x00000007bbf00000,0x00000007bbf00000,0x00000007bdf80000)
 ParOldGen       total 79360K, used 30623K [0x0000000702600000, 0x0000000707380000, 0x0000000780d00000)
  object space 79360K, 38% used [0x0000000702600000,0x00000007043e7f88,0x0000000707380000)
 Metaspace       used 21234K, capacity 21512K, committed 21808K, reserved 1069056K
  class space    used 2053K, capacity 2141K, committed 2176K, reserved 1048576K
}

