# JRE version: Java(TM) SE Runtime Environment (8.0_301-b09) (build 1.8.0_301-b09)
# Java VM: Java HotSpot(TM) 64-Bit Server VM (25.301-b09 mixed mode windows-amd64 compressed oops)
Heap:
 PSYoungGen      total 103424K, used 4123K [0x0000000780d00000, 0x0000000787c00000, 0x00000007c0000000)
  eden space 95744K, 4% used [0x0000000780d00000,0x0000000781106e38,0x0000000786a80000)
  from space 7680K, 0% used [0x0000000787480000,0x0000000787480000,0x0000000787c00000)
  to   space 7680K, 0% used [0x0000000786a80000,0x0000000786a80000,0x0000000787200000)
 ParOldGen       total 109568K, used 21403K [0x0000000702600000, 0x0000000709100000, 0x0000000780d00000)
  object space 109568K, 19% used [0x0000000702600000,0x0000000703ae6fe8,0x0000000709100000)
 Metaspace       used 12536K, capacity 12724K, committed 12800K, reserved 1062912K
  class space    used 950K, capacity 981K, committed 1024K, reserved 1048576K
GC Heap History (10 events):
Event: 0.813 GC heap before
{Heap before GC invocations=1 (full 0):
 PSYoungGen      total 56832K, used 49152K [0x0000000780d00000, 0x0000000784c00000, 0x00000007c0000000)
  eden space 49152K, 100% used [0x0000000780d00000,0x0000000783d00000,0x0000000783d00000)
  from space 7680K, 0% used [0x0000000784480000,0x0000000784480000,0x0000000784c00000)
  to   space 7680K, 0% used [0x0000000783d00000,0x0000000783d00000,0x0000000784480000)
 ParOldGen       total 130048K, used 0K [0x0000000702600000, 0x000000070a500000, 0x0000000780d00000)
  object space 130048K, 0% used [0x0000000702600000,0x0000000702600000,0x000000070a500000)
 Metaspace       used 6867K, capacity 7020K, committed 7168K, reserved 1056768K
  class space    used 687K, capacity 724K, committed 768K, reserved 1048576K
Event: 0.825 GC heap after
Heap after GC invocations=1 (full 0):
 PSYoungGen      total 56832K, used 5477K [0x0000000780d00000, 0x0000000787c00000, 0x00000007c0000000)
  eden space 49152K, 0% used [0x0000000780d00000,0x0000000780d00000,0x0000000783d00000)
  from space 7680K, 71% used [0x0000000783d00000,0x00000007842595d0,0x0000000784480000)
  to   space 7680K, 0% used [0x0000000787480000,0x0000000787480000,0x0000000787c00000)
 ParOldGen       total 130048K, used 16392K [0x0000000702600000, 0x000000070a500000, 0x0000000780d00000)
  object space 130048K, 12% used [0x0000000702600000,0x0000000703602020,0x000000070a500000)
 Metaspace       used 6867K, capacity 7020K, committed 7168K, reserved 1056768K
  class space    used 687K, capacity 724K, committed 768K, reserved 1048576K
}
Event: 1.598 GC heap before
{Heap before GC invocations=2 (full 0):
 PSYoungGen      total 56832K, used 54629K [0x0000000780d00000, 0x0000000787c00000, 0x00000007c0000000)
  eden space 49152K, 100% used [0x0000000780d00000,0x0000000783d00000,0x0000000783d00000)
  from space 7680K, 71% used [0x0000000783d00000,0x00000007842595d0,0x0000000784480000)
  to   space 7680K, 0% used [0x0000000787480000,0x0000000787480000,0x0000000787c00000)
 ParOldGen       total 130048K, used 16392K [0x0000000702600000, 0x000000070a500000, 0x0000000780d00000)
  object space 130048K, 12% used [0x0000000702600000,0x0000000703602020,0x000000070a500000)
 Metaspace       used 11077K, capacity 11252K, committed 11392K, reserved 1060864K
  class space    used 742K, capacity 789K, committed 896K, reserved 1048576K
Event: 1.601 GC heap after
Heap after GC invocations=2 (full 0):
 PSYoungGen      total 54272K, used 4608K [0x0000000780d00000, 0x0000000787980000, 0x00000007c0000000)
  eden space 49152K, 0% used [0x0000000780d00000,0x0000000780d00000,0x0000000783d00000)
  from space 5120K, 90% used [0x0000000787480000,0x0000000787900168,0x0000000787980000)
  to   space 7680K, 0% used [0x0000000786a80000,0x0000000786a80000,0x0000000787200000)
 ParOldGen       total 130048K, used 16400K [0x0000000702600000, 0x000000070a500000, 0x0000000780d00000)
  object space 130048K, 12% used [0x0000000702600000,0x0000000703604020,0x000000070a500000)
 Metaspace       used 11077K, capacity 11252K, committed 11392K, reserved 1060864K
  class space    used 742K, capacity 789K, committed 896K, reserved 1048576K
}
Event: 1.769 GC heap before
{Heap before GC invocations=3 (full 0):
 PSYoungGen      total 54272K, used 53760K [0x0000000780d00000, 0x0000000787980000, 0x00000007c0000000)
  eden space 49152K, 100% used [0x0000000780d00000,0x0000000783d00000,0x0000000783d00000)
  from space 5120K, 90% used [0x0000000787480000,0x0000000787900168,0x0000000787980000)
  to   space 7680K, 0% used [0x0000000786a80000,0x0000000786a80000,0x0000000787200000)
 ParOldGen       total 130048K, used 16400K [0x0000000702600000, 0x000000070a500000, 0x0000000780d00000)
  object space 130048K, 12% used [0x0000000702600000,0x0000000703604020,0x000000070a500000)
 Metaspace       used 11102K, capacity 11316K, committed 11648K, reserved 1060864K
  class space    used 742K, capacity 789K, committed 896K, reserved 1048576K
Event: 1.772 GC heap after
Heap after GC invocations=3 (full 0):
 PSYoungGen      total 103424K, used 4404K [0x0000000780d00000, 0x0000000787c00000, 0x00000007c0000000)
  eden space 95744K, 0% used [0x0000000780d00000,0x0000000780d00000,0x0000000786a80000)
  from space 7680K, 57% used [0x0000000786a80000,0x0000000786ecd3e0,0x0000000787200000)
  to   space 7680K, 0% used [0x0000000787480000,0x0000000787480000,0x0000000787c00000)
 ParOldGen       total 130048K, used 16408K [0x0000000702600000, 0x000000070a500000, 0x0000000780d00000)
  object space 130048K, 12% used [0x0000000702600000,0x0000000703606020,0x000000070a500000)
 Metaspace       used 11102K, capacity 11316K, committed 11648K, reserved 1060864K
  class space    used 742K, capacity 789K, committed 896K, reserved 1048576K
}
Event: 2.117 GC heap before
{Heap before GC invocations=4 (full 0):
 PSYoungGen      total 103424K, used 38282K [0x0000000780d00000, 0x0000000787c00000, 0x00000007c0000000)
  eden space 95744K, 35% used [0x0000000780d00000,0x0000000782e15428,0x0000000786a80000)
  from space 7680K, 57% used [0x0000000786a80000,0x0000000786ecd3e0,0x0000000787200000)
  to   space 7680K, 0% used [0x0000000787480000,0x0000000787480000,0x0000000787c00000)
 ParOldGen       total 130048K, used 16408K [0x0000000702600000, 0x000000070a500000, 0x0000000780d00000)
  object space 130048K, 12% used [0x0000000702600000,0x0000000703606020,0x000000070a500000)
 Metaspace       used 12277K, capacity 12436K, committed 12544K, reserved 1064960K
  class space    used 911K, capacity 949K, committed 1024K, reserved 1048576K
Event: 2.120 GC heap after
Heap after GC invocations=4 (full 0):
 PSYoungGen      total 103424K, used 5228K [0x0000000780d00000, 0x0000000787c00000, 0x00000007c0000000)
  eden space 95744K, 0% used [0x0000000780d00000,0x0000000780d00000,0x0000000786a80000)
  from space 7680K, 68% used [0x0000000787480000,0x000000078799b298,0x0000000787c00000)
  to   space 7680K, 0% used [0x0000000786a80000,0x0000000786a80000,0x0000000787200000)
 ParOldGen       total 130048K, used 16416K [0x0000000702600000, 0x000000070a500000, 0x0000000780d00000)
  object space 130048K, 12% used [0x0000000702600000,0x0000000703608020,0x000000070a500000)
 Metaspace       used 12277K, capacity 12436K, committed 12544K, reserved 1064960K
  class space    used 911K, capacity 949K, committed 1024K, reserved 1048576K
}
Event: 2.120 GC heap before
{Heap before GC invocations=5 (full 1):
 PSYoungGen      total 103424K, used 5228K [0x0000000780d00000, 0x0000000787c00000, 0x00000007c0000000)
  eden space 95744K, 0% used [0x0000000780d00000,0x0000000780d00000,0x0000000786a80000)
  from space 7680K, 68% used [0x0000000787480000,0x000000078799b298,0x0000000787c00000)
  to   space 7680K, 0% used [0x0000000786a80000,0x0000000786a80000,0x0000000787200000)
 ParOldGen       total 130048K, used 16416K [0x0000000702600000, 0x000000070a500000, 0x0000000780d00000)
  object space 130048K, 12% used [0x0000000702600000,0x0000000703608020,0x000000070a500000)
 Metaspace       used 12277K, capacity 12436K, committed 12544K, reserved 1064960K
  class space    used 911K, capacity 949K, committed 1024K, reserved 1048576K
Event: 2.137 GC heap after
Heap after GC invocations=5 (full 1):
 PSYoungGen      total 103424K, used 0K [0x0000000780d00000, 0x0000000787c00000, 0x00000007c0000000)
  eden space 95744K, 0% used [0x0000000780d00000,0x0000000780d00000,0x0000000786a80000)
  from space 7680K, 0% used [0x0000000787480000,0x0000000787480000,0x0000000787c00000)
  to   space 7680K, 0% used [0x0000000786a80000,0x0000000786a80000,0x0000000787200000)
 ParOldGen       total 109568K, used 21403K [0x0000000702600000, 0x0000000709100000, 0x0000000780d00000)
  object space 109568K, 19% used [0x0000000702600000,0x0000000703ae6fe8,0x0000000709100000)
 Metaspace       used 12277K, capacity 12436K, committed 12544K, reserved 1062912K
  class space    used 911K, capacity 949K, committed 1024K, reserved 1048576K
}

