# JRE version: Java(TM) SE Runtime Environment (8.0_301-b09) (build 1.8.0_301-b09)
# Java VM: Java HotSpot(TM) 64-Bit Server VM (25.301-b09 mixed mode windows-amd64 compressed oops)
Heap:
 PSYoungGen      total 1003520K, used 488837K [0x0000000780d00000, 0x00000007bff80000, 0x00000007c0000000)
  eden space 973312K, 48% used [0x0000000780d00000,0x000000079da29650,0x00000007bc380000)
  from space 30208K, 54% used [0x00000007bc380000,0x00000007bd3b8000,0x00000007be100000)
  to   space 29696K, 0% used [0x00000007be280000,0x00000007be280000,0x00000007bff80000)
 ParOldGen       total 79872K, used 31426K [0x0000000702600000, 0x0000000707400000, 0x0000000780d00000)
  object space 79872K, 39% used [0x0000000702600000,0x00000007044b0b40,0x0000000707400000)
 Metaspace       used 21241K, capacity 21512K, committed 21808K, reserved 1069056K
  class space    used 2053K, capacity 2141K, committed 2176K, reserved 1048576K
GC Heap History (10 events):
Event: 188.409 GC heap before
{Heap before GC invocations=54 (full 1):
 PSYoungGen      total 1001472K, used 986080K [0x0000000780d00000, 0x00000007bfe80000, 0x00000007c0000000)
  eden space 970240K, 100% used [0x0000000780d00000,0x00000007bc080000,0x00000007bc080000)
  from space 31232K, 50% used [0x00000007be000000,0x00000007bef78000,0x00000007bfe80000)
  to   space 31744K, 0% used [0x00000007bc080000,0x00000007bc080000,0x00000007bdf80000)
 ParOldGen       total 79872K, used 31018K [0x0000000702600000, 0x0000000707400000, 0x0000000780d00000)
  object space 79872K, 38% used [0x0000000702600000,0x000000070444ab40,0x0000000707400000)
 Metaspace       used 21087K, capacity 21352K, committed 21552K, reserved 1069056K
  class space    used 2046K, capacity 2109K, committed 2176K, reserved 1048576K
Event: 188.449 GC heap after
Heap after GC invocations=54 (full 1):
 PSYoungGen      total 1001984K, used 23232K [0x0000000780d00000, 0x00000007c0000000, 0x00000007c0000000)
  eden space 970240K, 0% used [0x0000000780d00000,0x0000000780d00000,0x00000007bc080000)
  from space 31744K, 73% used [0x00000007bc080000,0x00000007bd730000,0x00000007bdf80000)
  to   space 31744K, 0% used [0x00000007be100000,0x00000007be100000,0x00000007c0000000)
 ParOldGen       total 79872K, used 31090K [0x0000000702600000, 0x0000000707400000, 0x0000000780d00000)
  object space 79872K, 38% used [0x0000000702600000,0x000000070445cb40,0x0000000707400000)
 Metaspace       used 21087K, capacity 21352K, committed 21552K, reserved 1069056K
  class space    used 2046K, capacity 2109K, committed 2176K, reserved 1048576K
}
Event: 191.648 GC heap before
{Heap before GC invocations=55 (full 1):
 PSYoungGen      total 1001984K, used 993472K [0x0000000780d00000, 0x00000007c0000000, 0x00000007c0000000)
  eden space 970240K, 100% used [0x0000000780d00000,0x00000007bc080000,0x00000007bc080000)
  from space 31744K, 73% used [0x00000007bc080000,0x00000007bd730000,0x00000007bdf80000)
  to   space 31744K, 0% used [0x00000007be100000,0x00000007be100000,0x00000007c0000000)
 ParOldGen       total 79872K, used 31090K [0x0000000702600000, 0x0000000707400000, 0x0000000780d00000)
  object space 79872K, 38% used [0x0000000702600000,0x000000070445cb40,0x0000000707400000)
 Metaspace       used 21087K, capacity 21352K, committed 21552K, reserved 1069056K
  class space    used 2046K, capacity 2109K, committed 2176K, reserved 1048576K
Event: 191.679 GC heap after
Heap after GC invocations=55 (full 1):
 PSYoungGen      total 1002496K, used 16000K [0x0000000780d00000, 0x00000007bff00000, 0x00000007c0000000)
  eden space 971776K, 0% used [0x0000000780d00000,0x0000000780d00000,0x00000007bc200000)
  from space 30720K, 52% used [0x00000007be100000,0x00000007bf0a0000,0x00000007bff00000)
  to   space 31232K, 0% used [0x00000007bc200000,0x00000007bc200000,0x00000007be080000)
 ParOldGen       total 79872K, used 31178K [0x0000000702600000, 0x0000000707400000, 0x0000000780d00000)
  object space 79872K, 39% used [0x0000000702600000,0x0000000704472b40,0x0000000707400000)
 Metaspace       used 21087K, capacity 21352K, committed 21552K, reserved 1069056K
  class space    used 2046K, capacity 2109K, committed 2176K, reserved 1048576K
}
Event: 194.516 GC heap before
{Heap before GC invocations=56 (full 1):
 PSYoungGen      total 1002496K, used 987776K [0x0000000780d00000, 0x00000007bff00000, 0x00000007c0000000)
  eden space 971776K, 100% used [0x0000000780d00000,0x00000007bc200000,0x00000007bc200000)
  from space 30720K, 52% used [0x00000007be100000,0x00000007bf0a0000,0x00000007bff00000)
  to   space 31232K, 0% used [0x00000007bc200000,0x00000007bc200000,0x00000007be080000)
 ParOldGen       total 79872K, used 31178K [0x0000000702600000, 0x0000000707400000, 0x0000000780d00000)
  object space 79872K, 39% used [0x0000000702600000,0x0000000704472b40,0x0000000707400000)
 Metaspace       used 21087K, capacity 21352K, committed 21552K, reserved 1069056K
  class space    used 2046K, capacity 2109K, committed 2176K, reserved 1048576K
Event: 194.546 GC heap after
Heap after GC invocations=56 (full 1):
 PSYoungGen      total 1003008K, used 16384K [0x0000000780d00000, 0x00000007bff80000, 0x00000007c0000000)
  eden space 971776K, 0% used [0x0000000780d00000,0x0000000780d00000,0x00000007bc200000)
  from space 31232K, 52% used [0x00000007bc200000,0x00000007bd200000,0x00000007be080000)
  to   space 30720K, 0% used [0x00000007be180000,0x00000007be180000,0x00000007bff80000)
 ParOldGen       total 79872K, used 31250K [0x0000000702600000, 0x0000000707400000, 0x0000000780d00000)
  object space 79872K, 39% used [0x0000000702600000,0x0000000704484b40,0x0000000707400000)
 Metaspace       used 21087K, capacity 21352K, committed 21552K, reserved 1069056K
  class space    used 2046K, capacity 2109K, committed 2176K, reserved 1048576K
}
Event: 197.002 GC heap before
{Heap before GC invocations=57 (full 1):
 PSYoungGen      total 1003008K, used 988160K [0x0000000780d00000, 0x00000007bff80000, 0x00000007c0000000)
  eden space 971776K, 100% used [0x0000000780d00000,0x00000007bc200000,0x00000007bc200000)
  from space 31232K, 52% used [0x00000007bc200000,0x00000007bd200000,0x00000007be080000)
  to   space 30720K, 0% used [0x00000007be180000,0x00000007be180000,0x00000007bff80000)
 ParOldGen       total 79872K, used 31250K [0x0000000702600000, 0x0000000707400000, 0x0000000780d00000)
  object space 79872K, 39% used [0x0000000702600000,0x0000000704484b40,0x0000000707400000)
 Metaspace       used 21088K, capacity 21352K, committed 21552K, reserved 1069056K
  class space    used 2046K, capacity 2109K, committed 2176K, reserved 1048576K
Event: 197.034 GC heap after
Heap after GC invocations=57 (full 1):
 PSYoungGen      total 1003008K, used 21280K [0x0000000780d00000, 0x00000007bfe80000, 0x00000007c0000000)
  eden space 973312K, 0% used [0x0000000780d00000,0x0000000780d00000,0x00000007bc380000)
  from space 29696K, 71% used [0x00000007be180000,0x00000007bf648000,0x00000007bfe80000)
  to   space 30208K, 0% used [0x00000007bc380000,0x00000007bc380000,0x00000007be100000)
 ParOldGen       total 79872K, used 31338K [0x0000000702600000, 0x0000000707400000, 0x0000000780d00000)
  object space 79872K, 39% used [0x0000000702600000,0x000000070449ab40,0x0000000707400000)
 Metaspace       used 21088K, capacity 21352K, committed 21552K, reserved 1069056K
  class space    used 2046K, capacity 2109K, committed 2176K, reserved 1048576K
}
Event: 199.829 GC heap before
{Heap before GC invocations=58 (full 1):
 PSYoungGen      total 1003008K, used 994592K [0x0000000780d00000, 0x00000007bfe80000, 0x00000007c0000000)
  eden space 973312K, 100% used [0x0000000780d00000,0x00000007bc380000,0x00000007bc380000)
  from space 29696K, 71% used [0x00000007be180000,0x00000007bf648000,0x00000007bfe80000)
  to   space 30208K, 0% used [0x00000007bc380000,0x00000007bc380000,0x00000007be100000)
 ParOldGen       total 79872K, used 31338K [0x0000000702600000, 0x0000000707400000, 0x0000000780d00000)
  object space 79872K, 39% used [0x0000000702600000,0x000000070449ab40,0x0000000707400000)
 Metaspace       used 21089K, capacity 21352K, committed 21552K, reserved 1069056K
  class space    used 2047K, capacity 2109K, committed 2176K, reserved 1048576K
Event: 199.858 GC heap after
Heap after GC invocations=58 (full 1):
 PSYoungGen      total 1003520K, used 16608K [0x0000000780d00000, 0x00000007bff80000, 0x00000007c0000000)
  eden space 973312K, 0% used [0x0000000780d00000,0x0000000780d00000,0x00000007bc380000)
  from space 30208K, 54% used [0x00000007bc380000,0x00000007bd3b8000,0x00000007be100000)
  to   space 29696K, 0% used [0x00000007be280000,0x00000007be280000,0x00000007bff80000)
 ParOldGen       total 79872K, used 31426K [0x0000000702600000, 0x0000000707400000, 0x0000000780d00000)
  object space 79872K, 39% used [0x0000000702600000,0x00000007044b0b40,0x0000000707400000)
 Metaspace       used 21089K, capacity 21352K, committed 21552K, reserved 1069056K
  class space    used 2047K, capacity 2109K, committed 2176K, reserved 1048576K
}

