# JRE version: Java(TM) SE Runtime Environment (17.0.1+12) (build 17.0.1+12-LTS-39)
# Java VM: Java HotSpot(TM) 64-Bit Server VM (17.0.1+12-LTS-39, mixed mode, emulated-client, sharing, tiered, compressed oops, compressed class ptrs, g1 gc, windows-amd64)
GC Precious Log:
 CPUs: 12 total, 12 available
 Memory: 12131M
 Large Page Support: Disabled
 NUMA Support: Disabled
 Compressed Oops: Enabled (Zero based)
 Heap Region Size: 2M
 Heap Min Capacity: 8M
 Heap Initial Capacity: 190M
 Heap Max Capacity: 3034M
 Pre-touch: Disabled
 Parallel Workers: 10
 Concurrent Workers: 3
 Concurrent Refinement Workers: 10
 Periodic GC: Disabled
Heap:
 garbage-first heap   total 331776K, used 114005K [0x0000000742600000, 0x0000000800000000)
  region size 2048K, 29 young (59392K), 7 survivors (14336K)
 Metaspace       used 52348K, committed 52800K, reserved 1097728K
  class space    used 6627K, committed 6848K, reserved 1048576K
GC Heap History (20 events):
Event: 132.154 GC heap before
{Heap before GC invocations=41 (full 0):
 garbage-first heap   total 331776K, used 255287K [0x0000000742600000, 0x0000000800000000)
  region size 2048K, 97 young (198656K), 5 survivors (10240K)
 Metaspace       used 52143K, committed 52608K, reserved 1097728K
  class space    used 6617K, committed 6848K, reserved 1048576K
}
Event: 132.161 GC heap after
{Heap after GC invocations=42 (full 0):
 garbage-first heap   total 331776K, used 66732K [0x0000000742600000, 0x0000000800000000)
  region size 2048K, 5 young (10240K), 5 survivors (10240K)
 Metaspace       used 52143K, committed 52608K, reserved 1097728K
  class space    used 6617K, committed 6848K, reserved 1048576K
}
Event: 132.695 GC heap before
{Heap before GC invocations=42 (full 0):
 garbage-first heap   total 331776K, used 255148K [0x0000000742600000, 0x0000000800000000)
  region size 2048K, 97 young (198656K), 5 survivors (10240K)
 Metaspace       used 52143K, committed 52608K, reserved 1097728K
  class space    used 6617K, committed 6848K, reserved 1048576K
}
Event: 132.700 GC heap after
{Heap after GC invocations=43 (full 0):
 garbage-first heap   total 331776K, used 65199K [0x0000000742600000, 0x0000000800000000)
  region size 2048K, 4 young (8192K), 4 survivors (8192K)
 Metaspace       used 52143K, committed 52608K, reserved 1097728K
  class space    used 6617K, committed 6848K, reserved 1048576K
}
Event: 133.242 GC heap before
{Heap before GC invocations=43 (full 0):
 garbage-first heap   total 331776K, used 255663K [0x0000000742600000, 0x0000000800000000)
  region size 2048K, 97 young (198656K), 4 survivors (8192K)
 Metaspace       used 52143K, committed 52608K, reserved 1097728K
  class space    used 6617K, committed 6848K, reserved 1048576K
}
Event: 133.246 GC heap after
{Heap after GC invocations=44 (full 0):
 garbage-first heap   total 331776K, used 62039K [0x0000000742600000, 0x0000000800000000)
  region size 2048K, 3 young (6144K), 3 survivors (6144K)
 Metaspace       used 52143K, committed 52608K, reserved 1097728K
  class space    used 6617K, committed 6848K, reserved 1048576K
}
Event: 133.729 GC heap before
{Heap before GC invocations=44 (full 0):
 garbage-first heap   total 331776K, used 254551K [0x0000000742600000, 0x0000000800000000)
  region size 2048K, 97 young (198656K), 3 survivors (6144K)
 Metaspace       used 52143K, committed 52608K, reserved 1097728K
  class space    used 6617K, committed 6848K, reserved 1048576K
}
Event: 133.735 GC heap after
{Heap after GC invocations=45 (full 0):
 garbage-first heap   total 331776K, used 66115K [0x0000000742600000, 0x0000000800000000)
  region size 2048K, 5 young (10240K), 5 survivors (10240K)
 Metaspace       used 52143K, committed 52608K, reserved 1097728K
  class space    used 6617K, committed 6848K, reserved 1048576K
}
Event: 134.261 GC heap before
{Heap before GC invocations=45 (full 0):
 garbage-first heap   total 331776K, used 254531K [0x0000000742600000, 0x0000000800000000)
  region size 2048K, 97 young (198656K), 5 survivors (10240K)
 Metaspace       used 52143K, committed 52608K, reserved 1097728K
  class space    used 6617K, committed 6848K, reserved 1048576K
}
Event: 134.267 GC heap after
{Heap after GC invocations=46 (full 0):
 garbage-first heap   total 331776K, used 66522K [0x0000000742600000, 0x0000000800000000)
  region size 2048K, 5 young (10240K), 5 survivors (10240K)
 Metaspace       used 52143K, committed 52608K, reserved 1097728K
  class space    used 6617K, committed 6848K, reserved 1048576K
}
Event: 134.780 GC heap before
{Heap before GC invocations=46 (full 0):
 garbage-first heap   total 331776K, used 254938K [0x0000000742600000, 0x0000000800000000)
  region size 2048K, 97 young (198656K), 5 survivors (10240K)
 Metaspace       used 52143K, committed 52608K, reserved 1097728K
  class space    used 6617K, committed 6848K, reserved 1048576K
}
Event: 134.786 GC heap after
{Heap after GC invocations=47 (full 0):
 garbage-first heap   total 331776K, used 66777K [0x0000000742600000, 0x0000000800000000)
  region size 2048K, 5 young (10240K), 5 survivors (10240K)
 Metaspace       used 52143K, committed 52608K, reserved 1097728K
  class space    used 6617K, committed 6848K, reserved 1048576K
}
Event: 135.291 GC heap before
{Heap before GC invocations=47 (full 0):
 garbage-first heap   total 331776K, used 255193K [0x0000000742600000, 0x0000000800000000)
  region size 2048K, 97 young (198656K), 5 survivors (10240K)
 Metaspace       used 52143K, committed 52608K, reserved 1097728K
  class space    used 6617K, committed 6848K, reserved 1048576K
}
Event: 135.297 GC heap after
{Heap after GC invocations=48 (full 0):
 garbage-first heap   total 331776K, used 66983K [0x0000000742600000, 0x0000000800000000)
  region size 2048K, 5 young (10240K), 5 survivors (10240K)
 Metaspace       used 52143K, committed 52608K, reserved 1097728K
  class space    used 6617K, committed 6848K, reserved 1048576K
}
Event: 135.792 GC heap before
{Heap before GC invocations=48 (full 0):
 garbage-first heap   total 331776K, used 255399K [0x0000000742600000, 0x0000000800000000)
  region size 2048K, 97 young (198656K), 5 survivors (10240K)
 Metaspace       used 52143K, committed 52608K, reserved 1097728K
  class space    used 6617K, committed 6848K, reserved 1048576K
}
Event: 135.797 GC heap after
{Heap after GC invocations=49 (full 0):
 garbage-first heap   total 331776K, used 65280K [0x0000000742600000, 0x0000000800000000)
  region size 2048K, 4 young (8192K), 4 survivors (8192K)
 Metaspace       used 52143K, committed 52608K, reserved 1097728K
  class space    used 6617K, committed 6848K, reserved 1048576K
}
Event: 136.312 GC heap before
{Heap before GC invocations=49 (full 0):
 garbage-first heap   total 331776K, used 255744K [0x0000000742600000, 0x0000000800000000)
  region size 2048K, 97 young (198656K), 4 survivors (8192K)
 Metaspace       used 52143K, committed 52608K, reserved 1097728K
  class space    used 6617K, committed 6848K, reserved 1048576K
}
Event: 136.315 GC heap after
{Heap after GC invocations=50 (full 0):
 garbage-first heap   total 331776K, used 61692K [0x0000000742600000, 0x0000000800000000)
  region size 2048K, 3 young (6144K), 3 survivors (6144K)
 Metaspace       used 52143K, committed 52608K, reserved 1097728K
  class space    used 6617K, committed 6848K, reserved 1048576K
}
Event: 137.524 GC heap before
{Heap before GC invocations=50 (full 0):
 garbage-first heap   total 331776K, used 254204K [0x0000000742600000, 0x0000000800000000)
  region size 2048K, 97 young (198656K), 3 survivors (6144K)
 Metaspace       used 52348K, committed 52800K, reserved 1097728K
  class space    used 6627K, committed 6848K, reserved 1048576K
}
Event: 137.533 GC heap after
{Heap after GC invocations=51 (full 0):
 garbage-first heap   total 331776K, used 70997K [0x0000000742600000, 0x0000000800000000)
  region size 2048K, 7 young (14336K), 7 survivors (14336K)
 Metaspace       used 52348K, committed 52800K, reserved 1097728K
  class space    used 6627K, committed 6848K, reserved 1048576K
}

